::1 - - [Fri, 25 Mar 2016 08:51:19 GMT] "GET / HTTP/1.1" 200 2388 "http://localhost:3000/u/zhan/2016-3-25/%E6%B5%8B%E8%AF%95%E6%96%87%E5%AD%97" "Mozilla/5.0 (Windows NT 6.3; WOW64) AppleWebKit/537.36 (KHTML, like Gecko) Chrome/45.0.2454.99 Safari/537.36"
::1 - - [Fri, 25 Mar 2016 08:51:19 GMT] "GET /stylesheets/style.css HTTP/1.1" 200 1840 "http://localhost:3000/" "Mozilla/5.0 (Windows NT 6.3; WOW64) AppleWebKit/537.36 (KHTML, like Gecko) Chrome/45.0.2454.99 Safari/537.36"
::1 - - [Fri, 25 Mar 2016 08:51:20 GMT] "GET /favicon.ico HTTP/1.1" 200 220 "http://localhost:3000/" "Mozilla/5.0 (Windows NT 6.3; WOW64) AppleWebKit/537.36 (KHTML, like Gecko) Chrome/45.0.2454.99 Safari/537.36"
::1 - - [Fri, 25 Mar 2016 08:51:23 GMT] "GET / HTTP/1.1" 200 2388 "http://localhost:3000/" "Mozilla/5.0 (Windows NT 6.3; WOW64) AppleWebKit/537.36 (KHTML, like Gecko) Chrome/45.0.2454.99 Safari/537.36"
::1 - - [Fri, 25 Mar 2016 08:51:23 GMT] "GET /stylesheets/style.css HTTP/1.1" 200 1840 "http://localhost:3000/" "Mozilla/5.0 (Windows NT 6.3; WOW64) AppleWebKit/537.36 (KHTML, like Gecko) Chrome/45.0.2454.99 Safari/537.36"
::1 - - [Fri, 25 Mar 2016 08:51:23 GMT] "GET /favicon.ico HTTP/1.1" 200 220 "http://localhost:3000/" "Mozilla/5.0 (Windows NT 6.3; WOW64) AppleWebKit/537.36 (KHTML, like Gecko) Chrome/45.0.2454.99 Safari/537.36"
::1 - - [Fri, 25 Mar 2016 08:51:24 GMT] "GET /archive HTTP/1.1" 200 1227 "http://localhost:3000/" "Mozilla/5.0 (Windows NT 6.3; WOW64) AppleWebKit/537.36 (KHTML, like Gecko) Chrome/45.0.2454.99 Safari/537.36"
::1 - - [Fri, 25 Mar 2016 08:51:24 GMT] "GET /stylesheets/style.css HTTP/1.1" 200 1840 "http://localhost:3000/archive" "Mozilla/5.0 (Windows NT 6.3; WOW64) AppleWebKit/537.36 (KHTML, like Gecko) Chrome/45.0.2454.99 Safari/537.36"
::1 - - [Fri, 25 Mar 2016 08:51:25 GMT] "GET /favicon.ico HTTP/1.1" 200 220 "http://localhost:3000/archive" "Mozilla/5.0 (Windows NT 6.3; WOW64) AppleWebKit/537.36 (KHTML, like Gecko) Chrome/45.0.2454.99 Safari/537.36"
::1 - - [Fri, 25 Mar 2016 08:51:25 GMT] "GET /tags HTTP/1.1" 200 964 "http://localhost:3000/archive" "Mozilla/5.0 (Windows NT 6.3; WOW64) AppleWebKit/537.36 (KHTML, like Gecko) Chrome/45.0.2454.99 Safari/537.36"
::1 - - [Fri, 25 Mar 2016 08:51:25 GMT] "GET /stylesheets/style.css HTTP/1.1" 200 1840 "http://localhost:3000/tags" "Mozilla/5.0 (Windows NT 6.3; WOW64) AppleWebKit/537.36 (KHTML, like Gecko) Chrome/45.0.2454.99 Safari/537.36"
::1 - - [Fri, 25 Mar 2016 08:51:25 GMT] "GET /favicon.ico HTTP/1.1" 200 220 "http://localhost:3000/tags" "Mozilla/5.0 (Windows NT 6.3; WOW64) AppleWebKit/537.36 (KHTML, like Gecko) Chrome/45.0.2454.99 Safari/537.36"
::1 - - [Fri, 25 Mar 2016 08:51:26 GMT] "GET / HTTP/1.1" 200 2388 "http://localhost:3000/tags" "Mozilla/5.0 (Windows NT 6.3; WOW64) AppleWebKit/537.36 (KHTML, like Gecko) Chrome/45.0.2454.99 Safari/537.36"
::1 - - [Fri, 25 Mar 2016 08:51:26 GMT] "GET /stylesheets/style.css HTTP/1.1" 200 1840 "http://localhost:3000/" "Mozilla/5.0 (Windows NT 6.3; WOW64) AppleWebKit/537.36 (KHTML, like Gecko) Chrome/45.0.2454.99 Safari/537.36"
::1 - - [Fri, 25 Mar 2016 08:51:27 GMT] "GET /favicon.ico HTTP/1.1" 200 220 "http://localhost:3000/" "Mozilla/5.0 (Windows NT 6.3; WOW64) AppleWebKit/537.36 (KHTML, like Gecko) Chrome/45.0.2454.99 Safari/537.36"
::1 - - [Fri, 25 Mar 2016 08:51:27 GMT] "GET /tags HTTP/1.1" 200 964 "http://localhost:3000/" "Mozilla/5.0 (Windows NT 6.3; WOW64) AppleWebKit/537.36 (KHTML, like Gecko) Chrome/45.0.2454.99 Safari/537.36"
::1 - - [Fri, 25 Mar 2016 08:51:28 GMT] "GET /stylesheets/style.css HTTP/1.1" 200 1840 "http://localhost:3000/tags" "Mozilla/5.0 (Windows NT 6.3; WOW64) AppleWebKit/537.36 (KHTML, like Gecko) Chrome/45.0.2454.99 Safari/537.36"
::1 - - [Fri, 25 Mar 2016 08:51:28 GMT] "GET /favicon.ico HTTP/1.1" 200 220 "http://localhost:3000/tags" "Mozilla/5.0 (Windows NT 6.3; WOW64) AppleWebKit/537.36 (KHTML, like Gecko) Chrome/45.0.2454.99 Safari/537.36"
::1 - - [Fri, 25 Mar 2016 08:51:29 GMT] "GET /links HTTP/1.1" 200 1169 "http://localhost:3000/tags" "Mozilla/5.0 (Windows NT 6.3; WOW64) AppleWebKit/537.36 (KHTML, like Gecko) Chrome/45.0.2454.99 Safari/537.36"
::1 - - [Fri, 25 Mar 2016 08:51:29 GMT] "GET /stylesheets/style.css HTTP/1.1" 200 1840 "http://localhost:3000/links" "Mozilla/5.0 (Windows NT 6.3; WOW64) AppleWebKit/537.36 (KHTML, like Gecko) Chrome/45.0.2454.99 Safari/537.36"
::1 - - [Fri, 25 Mar 2016 08:51:29 GMT] "GET /favicon.ico HTTP/1.1" 200 220 "http://localhost:3000/links" "Mozilla/5.0 (Windows NT 6.3; WOW64) AppleWebKit/537.36 (KHTML, like Gecko) Chrome/45.0.2454.99 Safari/537.36"
::1 - - [Fri, 25 Mar 2016 08:51:31 GMT] "GET /archive HTTP/1.1" 200 1227 "http://localhost:3000/links" "Mozilla/5.0 (Windows NT 6.3; WOW64) AppleWebKit/537.36 (KHTML, like Gecko) Chrome/45.0.2454.99 Safari/537.36"
::1 - - [Fri, 25 Mar 2016 08:51:32 GMT] "GET /stylesheets/style.css HTTP/1.1" 200 1840 "http://localhost:3000/archive" "Mozilla/5.0 (Windows NT 6.3; WOW64) AppleWebKit/537.36 (KHTML, like Gecko) Chrome/45.0.2454.99 Safari/537.36"
::1 - - [Fri, 25 Mar 2016 08:51:32 GMT] "GET /favicon.ico HTTP/1.1" 200 220 "http://localhost:3000/archive" "Mozilla/5.0 (Windows NT 6.3; WOW64) AppleWebKit/537.36 (KHTML, like Gecko) Chrome/45.0.2454.99 Safari/537.36"
::1 - - [Fri, 25 Mar 2016 08:57:19 GMT] "GET / HTTP/1.1" 200 2388 "http://localhost:3000/archive" "Mozilla/5.0 (Windows NT 6.3; WOW64) AppleWebKit/537.36 (KHTML, like Gecko) Chrome/45.0.2454.99 Safari/537.36"
::1 - - [Fri, 25 Mar 2016 08:57:20 GMT] "GET /stylesheets/style.css HTTP/1.1" 200 1840 "http://localhost:3000/" "Mozilla/5.0 (Windows NT 6.3; WOW64) AppleWebKit/537.36 (KHTML, like Gecko) Chrome/45.0.2454.99 Safari/537.36"
::1 - - [Fri, 25 Mar 2016 08:57:20 GMT] "GET /favicon.ico HTTP/1.1" 200 220 "http://localhost:3000/" "Mozilla/5.0 (Windows NT 6.3; WOW64) AppleWebKit/537.36 (KHTML, like Gecko) Chrome/45.0.2454.99 Safari/537.36"
::1 - - [Fri, 25 Mar 2016 08:57:24 GMT] "GET /u/zhan/2016-3-25/%E6%B5%8B%E8%AF%95%E6%96%87%E5%AD%97 HTTP/1.1" 200 1728 "http://localhost:3000/" "Mozilla/5.0 (Windows NT 6.3; WOW64) AppleWebKit/537.36 (KHTML, like Gecko) Chrome/45.0.2454.99 Safari/537.36"
::1 - - [Fri, 25 Mar 2016 08:57:24 GMT] "GET /stylesheets/style.css HTTP/1.1" 200 1840 "http://localhost:3000/u/zhan/2016-3-25/%E6%B5%8B%E8%AF%95%E6%96%87%E5%AD%97" "Mozilla/5.0 (Windows NT 6.3; WOW64) AppleWebKit/537.36 (KHTML, like Gecko) Chrome/45.0.2454.99 Safari/537.36"
::1 - - [Fri, 25 Mar 2016 08:57:24 GMT] "GET /favicon.ico HTTP/1.1" 200 220 "http://localhost:3000/u/zhan/2016-3-25/%E6%B5%8B%E8%AF%95%E6%96%87%E5%AD%97" "Mozilla/5.0 (Windows NT 6.3; WOW64) AppleWebKit/537.36 (KHTML, like Gecko) Chrome/45.0.2454.99 Safari/537.36"
::1 - - [Fri, 25 Mar 2016 08:57:27 GMT] "GET / HTTP/1.1" 200 2388 "http://localhost:3000/archive" "Mozilla/5.0 (Windows NT 6.3; WOW64) AppleWebKit/537.36 (KHTML, like Gecko) Chrome/45.0.2454.99 Safari/537.36"
::1 - - [Fri, 25 Mar 2016 08:57:27 GMT] "GET /stylesheets/style.css HTTP/1.1" 200 1840 "http://localhost:3000/" "Mozilla/5.0 (Windows NT 6.3; WOW64) AppleWebKit/537.36 (KHTML, like Gecko) Chrome/45.0.2454.99 Safari/537.36"
::1 - - [Fri, 25 Mar 2016 08:57:27 GMT] "GET /favicon.ico HTTP/1.1" 200 220 "http://localhost:3000/" "Mozilla/5.0 (Windows NT 6.3; WOW64) AppleWebKit/537.36 (KHTML, like Gecko) Chrome/45.0.2454.99 Safari/537.36"
::1 - - [Fri, 25 Mar 2016 08:57:29 GMT] "GET /u/cao/2016-3-25/[%E8%BD%AC%E8%BD%BD]%E6%B5%8B%E8%AF%95%E6%96%87%E5%AD%97 HTTP/1.1" 200 1947 "http://localhost:3000/" "Mozilla/5.0 (Windows NT 6.3; WOW64) AppleWebKit/537.36 (KHTML, like Gecko) Chrome/45.0.2454.99 Safari/537.36"
::1 - - [Fri, 25 Mar 2016 08:57:29 GMT] "GET /stylesheets/style.css HTTP/1.1" 200 1840 "http://localhost:3000/u/cao/2016-3-25/[%E8%BD%AC%E8%BD%BD]%E6%B5%8B%E8%AF%95%E6%96%87%E5%AD%97" "Mozilla/5.0 (Windows NT 6.3; WOW64) AppleWebKit/537.36 (KHTML, like Gecko) Chrome/45.0.2454.99 Safari/537.36"
::1 - - [Fri, 25 Mar 2016 08:57:30 GMT] "GET /favicon.ico HTTP/1.1" 200 220 "http://localhost:3000/u/cao/2016-3-25/[%E8%BD%AC%E8%BD%BD]%E6%B5%8B%E8%AF%95%E6%96%87%E5%AD%97" "Mozilla/5.0 (Windows NT 6.3; WOW64) AppleWebKit/537.36 (KHTML, like Gecko) Chrome/45.0.2454.99 Safari/537.36"
::1 - - [Fri, 25 Mar 2016 08:57:30 GMT] "GET /remove/cao/2016-3-25/[%E8%BD%AC%E8%BD%BD]%E6%B5%8B%E8%AF%95%E6%96%87%E5%AD%97 HTTP/1.1" 302 46 "http://localhost:3000/u/cao/2016-3-25/[%E8%BD%AC%E8%BD%BD]%E6%B5%8B%E8%AF%95%E6%96%87%E5%AD%97" "Mozilla/5.0 (Windows NT 6.3; WOW64) AppleWebKit/537.36 (KHTML, like Gecko) Chrome/45.0.2454.99 Safari/537.36"
::1 - - [Fri, 25 Mar 2016 08:57:31 GMT] "GET / HTTP/1.1" 200 1829 "http://localhost:3000/u/cao/2016-3-25/[%E8%BD%AC%E8%BD%BD]%E6%B5%8B%E8%AF%95%E6%96%87%E5%AD%97" "Mozilla/5.0 (Windows NT 6.3; WOW64) AppleWebKit/537.36 (KHTML, like Gecko) Chrome/45.0.2454.99 Safari/537.36"
::1 - - [Fri, 25 Mar 2016 08:57:31 GMT] "GET /stylesheets/style.css HTTP/1.1" 200 1840 "http://localhost:3000/" "Mozilla/5.0 (Windows NT 6.3; WOW64) AppleWebKit/537.36 (KHTML, like Gecko) Chrome/45.0.2454.99 Safari/537.36"
::1 - - [Fri, 25 Mar 2016 08:57:31 GMT] "GET /favicon.ico HTTP/1.1" 200 220 "http://localhost:3000/" "Mozilla/5.0 (Windows NT 6.3; WOW64) AppleWebKit/537.36 (KHTML, like Gecko) Chrome/45.0.2454.99 Safari/537.36"
::1 - - [Fri, 25 Mar 2016 08:57:32 GMT] "GET /u/zhan/2016-3-25/%E6%B5%8B%E8%AF%95%E6%96%87%E5%AD%97 HTTP/1.1" 200 1785 "http://localhost:3000/" "Mozilla/5.0 (Windows NT 6.3; WOW64) AppleWebKit/537.36 (KHTML, like Gecko) Chrome/45.0.2454.99 Safari/537.36"
::1 - - [Fri, 25 Mar 2016 08:57:32 GMT] "GET /stylesheets/style.css HTTP/1.1" 200 1840 "http://localhost:3000/u/zhan/2016-3-25/%E6%B5%8B%E8%AF%95%E6%96%87%E5%AD%97" "Mozilla/5.0 (Windows NT 6.3; WOW64) AppleWebKit/537.36 (KHTML, like Gecko) Chrome/45.0.2454.99 Safari/537.36"
::1 - - [Fri, 25 Mar 2016 08:57:33 GMT] "GET /favicon.ico HTTP/1.1" 200 220 "http://localhost:3000/u/zhan/2016-3-25/%E6%B5%8B%E8%AF%95%E6%96%87%E5%AD%97" "Mozilla/5.0 (Windows NT 6.3; WOW64) AppleWebKit/537.36 (KHTML, like Gecko) Chrome/45.0.2454.99 Safari/537.36"
::1 - - [Fri, 25 Mar 2016 08:57:33 GMT] "GET /reprint/zhan/2016-3-25/%E6%B5%8B%E8%AF%95%E6%96%87%E5%AD%97 HTTP/1.1" 302 46 "http://localhost:3000/u/zhan/2016-3-25/%E6%B5%8B%E8%AF%95%E6%96%87%E5%AD%97" "Mozilla/5.0 (Windows NT 6.3; WOW64) AppleWebKit/537.36 (KHTML, like Gecko) Chrome/45.0.2454.99 Safari/537.36"
::1 - - [Fri, 25 Mar 2016 08:57:34 GMT] "GET / HTTP/1.1" 200 2422 "http://localhost:3000/u/zhan/2016-3-25/%E6%B5%8B%E8%AF%95%E6%96%87%E5%AD%97" "Mozilla/5.0 (Windows NT 6.3; WOW64) AppleWebKit/537.36 (KHTML, like Gecko) Chrome/45.0.2454.99 Safari/537.36"
::1 - - [Fri, 25 Mar 2016 08:57:34 GMT] "GET /stylesheets/style.css HTTP/1.1" 200 1840 "http://localhost:3000/" "Mozilla/5.0 (Windows NT 6.3; WOW64) AppleWebKit/537.36 (KHTML, like Gecko) Chrome/45.0.2454.99 Safari/537.36"
::1 - - [Fri, 25 Mar 2016 08:57:34 GMT] "GET /favicon.ico HTTP/1.1" 200 220 "http://localhost:3000/" "Mozilla/5.0 (Windows NT 6.3; WOW64) AppleWebKit/537.36 (KHTML, like Gecko) Chrome/45.0.2454.99 Safari/537.36"
::1 - - [Fri, 25 Mar 2016 09:07:06 GMT] "GET / HTTP/1.1" 200 2388 "http://localhost:3000/u/zhan/2016-3-25/%E6%B5%8B%E8%AF%95%E6%96%87%E5%AD%97" "Mozilla/5.0 (Windows NT 6.3; WOW64) AppleWebKit/537.36 (KHTML, like Gecko) Chrome/45.0.2454.99 Safari/537.36"
::1 - - [Fri, 25 Mar 2016 09:07:06 GMT] "GET /stylesheets/style.css HTTP/1.1" 200 1840 "http://localhost:3000/" "Mozilla/5.0 (Windows NT 6.3; WOW64) AppleWebKit/537.36 (KHTML, like Gecko) Chrome/45.0.2454.99 Safari/537.36"
::1 - - [Fri, 25 Mar 2016 09:07:06 GMT] "GET /favicon.ico HTTP/1.1" 200 220 "http://localhost:3000/" "Mozilla/5.0 (Windows NT 6.3; WOW64) AppleWebKit/537.36 (KHTML, like Gecko) Chrome/45.0.2454.99 Safari/537.36"
::1 - - [Fri, 25 Mar 2016 09:07:07 GMT] "GET /u/cao/2016-3-25/[%E8%BD%AC%E8%BD%BD]%E6%B5%8B%E8%AF%95%E6%96%87%E5%AD%97 HTTP/1.1" 200 1947 "http://localhost:3000/" "Mozilla/5.0 (Windows NT 6.3; WOW64) AppleWebKit/537.36 (KHTML, like Gecko) Chrome/45.0.2454.99 Safari/537.36"
::1 - - [Fri, 25 Mar 2016 09:07:07 GMT] "GET /stylesheets/style.css HTTP/1.1" 200 1840 "http://localhost:3000/u/cao/2016-3-25/[%E8%BD%AC%E8%BD%BD]%E6%B5%8B%E8%AF%95%E6%96%87%E5%AD%97" "Mozilla/5.0 (Windows NT 6.3; WOW64) AppleWebKit/537.36 (KHTML, like Gecko) Chrome/45.0.2454.99 Safari/537.36"
::1 - - [Fri, 25 Mar 2016 09:07:08 GMT] "GET /favicon.ico HTTP/1.1" 200 220 "http://localhost:3000/u/cao/2016-3-25/[%E8%BD%AC%E8%BD%BD]%E6%B5%8B%E8%AF%95%E6%96%87%E5%AD%97" "Mozilla/5.0 (Windows NT 6.3; WOW64) AppleWebKit/537.36 (KHTML, like Gecko) Chrome/45.0.2454.99 Safari/537.36"
::1 - - [Fri, 25 Mar 2016 09:07:09 GMT] "GET /remove/cao/2016-3-25/[%E8%BD%AC%E8%BD%BD]%E6%B5%8B%E8%AF%95%E6%96%87%E5%AD%97 HTTP/1.1" 302 46 "http://localhost:3000/u/cao/2016-3-25/[%E8%BD%AC%E8%BD%BD]%E6%B5%8B%E8%AF%95%E6%96%87%E5%AD%97" "Mozilla/5.0 (Windows NT 6.3; WOW64) AppleWebKit/537.36 (KHTML, like Gecko) Chrome/45.0.2454.99 Safari/537.36"
::1 - - [Fri, 25 Mar 2016 09:07:09 GMT] "GET / HTTP/1.1" 200 1829 "http://localhost:3000/u/cao/2016-3-25/[%E8%BD%AC%E8%BD%BD]%E6%B5%8B%E8%AF%95%E6%96%87%E5%AD%97" "Mozilla/5.0 (Windows NT 6.3; WOW64) AppleWebKit/537.36 (KHTML, like Gecko) Chrome/45.0.2454.99 Safari/537.36"
::1 - - [Fri, 25 Mar 2016 09:07:09 GMT] "GET /stylesheets/style.css HTTP/1.1" 200 1840 "http://localhost:3000/" "Mozilla/5.0 (Windows NT 6.3; WOW64) AppleWebKit/537.36 (KHTML, like Gecko) Chrome/45.0.2454.99 Safari/537.36"
::1 - - [Fri, 25 Mar 2016 09:07:09 GMT] "GET /favicon.ico HTTP/1.1" 200 220 "http://localhost:3000/" "Mozilla/5.0 (Windows NT 6.3; WOW64) AppleWebKit/537.36 (KHTML, like Gecko) Chrome/45.0.2454.99 Safari/537.36"
::1 - - [Fri, 25 Mar 2016 09:07:10 GMT] "GET /u/zhan/2016-3-25/%E6%B5%8B%E8%AF%95%E6%96%87%E5%AD%97 HTTP/1.1" 200 1785 "http://localhost:3000/" "Mozilla/5.0 (Windows NT 6.3; WOW64) AppleWebKit/537.36 (KHTML, like Gecko) Chrome/45.0.2454.99 Safari/537.36"
::1 - - [Fri, 25 Mar 2016 09:07:11 GMT] "GET /stylesheets/style.css HTTP/1.1" 200 1840 "http://localhost:3000/u/zhan/2016-3-25/%E6%B5%8B%E8%AF%95%E6%96%87%E5%AD%97" "Mozilla/5.0 (Windows NT 6.3; WOW64) AppleWebKit/537.36 (KHTML, like Gecko) Chrome/45.0.2454.99 Safari/537.36"
::1 - - [Fri, 25 Mar 2016 09:07:11 GMT] "GET /favicon.ico HTTP/1.1" 200 220 "http://localhost:3000/u/zhan/2016-3-25/%E6%B5%8B%E8%AF%95%E6%96%87%E5%AD%97" "Mozilla/5.0 (Windows NT 6.3; WOW64) AppleWebKit/537.36 (KHTML, like Gecko) Chrome/45.0.2454.99 Safari/537.36"
::1 - - [Fri, 25 Mar 2016 09:08:13 GMT] "GET / HTTP/1.1" 200 2388 "-" "Mozilla/5.0 (Windows NT 6.3; WOW64) AppleWebKit/537.36 (KHTML, like Gecko) Chrome/45.0.2454.99 Safari/537.36"
::1 - - [Fri, 25 Mar 2016 09:08:13 GMT] "GET /stylesheets/style.css HTTP/1.1" 200 1840 "http://localhost:3000/" "Mozilla/5.0 (Windows NT 6.3; WOW64) AppleWebKit/537.36 (KHTML, like Gecko) Chrome/45.0.2454.99 Safari/537.36"
::1 - - [Fri, 25 Mar 2016 09:08:14 GMT] "GET /favicon.ico HTTP/1.1" 200 220 "http://localhost:3000/" "Mozilla/5.0 (Windows NT 6.3; WOW64) AppleWebKit/537.36 (KHTML, like Gecko) Chrome/45.0.2454.99 Safari/537.36"
::1 - - [Fri, 25 Mar 2016 09:08:18 GMT] "GET /u/cao/2016-3-25/[%E8%BD%AC%E8%BD%BD]%E6%B5%8B%E8%AF%95%E6%96%87%E5%AD%97 HTTP/1.1" 200 1947 "http://localhost:3000/" "Mozilla/5.0 (Windows NT 6.3; WOW64) AppleWebKit/537.36 (KHTML, like Gecko) Chrome/45.0.2454.99 Safari/537.36"
::1 - - [Fri, 25 Mar 2016 09:08:19 GMT] "GET /stylesheets/style.css HTTP/1.1" 200 1840 "http://localhost:3000/u/cao/2016-3-25/[%E8%BD%AC%E8%BD%BD]%E6%B5%8B%E8%AF%95%E6%96%87%E5%AD%97" "Mozilla/5.0 (Windows NT 6.3; WOW64) AppleWebKit/537.36 (KHTML, like Gecko) Chrome/45.0.2454.99 Safari/537.36"
::1 - - [Fri, 25 Mar 2016 09:08:19 GMT] "GET /favicon.ico HTTP/1.1" 200 220 "http://localhost:3000/u/cao/2016-3-25/[%E8%BD%AC%E8%BD%BD]%E6%B5%8B%E8%AF%95%E6%96%87%E5%AD%97" "Mozilla/5.0 (Windows NT 6.3; WOW64) AppleWebKit/537.36 (KHTML, like Gecko) Chrome/45.0.2454.99 Safari/537.36"
::1 - - [Fri, 25 Mar 2016 09:08:21 GMT] "GET /remove/cao/2016-3-25/[%E8%BD%AC%E8%BD%BD]%E6%B5%8B%E8%AF%95%E6%96%87%E5%AD%97 HTTP/1.1" 302 46 "http://localhost:3000/u/cao/2016-3-25/[%E8%BD%AC%E8%BD%BD]%E6%B5%8B%E8%AF%95%E6%96%87%E5%AD%97" "Mozilla/5.0 (Windows NT 6.3; WOW64) AppleWebKit/537.36 (KHTML, like Gecko) Chrome/45.0.2454.99 Safari/537.36"
::1 - - [Fri, 25 Mar 2016 09:08:21 GMT] "GET / HTTP/1.1" 200 1829 "http://localhost:3000/u/cao/2016-3-25/[%E8%BD%AC%E8%BD%BD]%E6%B5%8B%E8%AF%95%E6%96%87%E5%AD%97" "Mozilla/5.0 (Windows NT 6.3; WOW64) AppleWebKit/537.36 (KHTML, like Gecko) Chrome/45.0.2454.99 Safari/537.36"
::1 - - [Fri, 25 Mar 2016 09:08:21 GMT] "GET /stylesheets/style.css HTTP/1.1" 200 1840 "http://localhost:3000/" "Mozilla/5.0 (Windows NT 6.3; WOW64) AppleWebKit/537.36 (KHTML, like Gecko) Chrome/45.0.2454.99 Safari/537.36"
::1 - - [Fri, 25 Mar 2016 09:08:22 GMT] "GET /favicon.ico HTTP/1.1" 200 220 "http://localhost:3000/" "Mozilla/5.0 (Windows NT 6.3; WOW64) AppleWebKit/537.36 (KHTML, like Gecko) Chrome/45.0.2454.99 Safari/537.36"
::1 - - [Fri, 25 Mar 2016 09:08:23 GMT] "GET /u/zhan/2016-3-25/%E6%B5%8B%E8%AF%95%E6%96%87%E5%AD%97 HTTP/1.1" 200 1785 "http://localhost:3000/" "Mozilla/5.0 (Windows NT 6.3; WOW64) AppleWebKit/537.36 (KHTML, like Gecko) Chrome/45.0.2454.99 Safari/537.36"
::1 - - [Fri, 25 Mar 2016 09:08:23 GMT] "GET /stylesheets/style.css HTTP/1.1" 200 1840 "http://localhost:3000/u/zhan/2016-3-25/%E6%B5%8B%E8%AF%95%E6%96%87%E5%AD%97" "Mozilla/5.0 (Windows NT 6.3; WOW64) AppleWebKit/537.36 (KHTML, like Gecko) Chrome/45.0.2454.99 Safari/537.36"
::1 - - [Fri, 25 Mar 2016 09:08:23 GMT] "GET /favicon.ico HTTP/1.1" 200 220 "http://localhost:3000/u/zhan/2016-3-25/%E6%B5%8B%E8%AF%95%E6%96%87%E5%AD%97" "Mozilla/5.0 (Windows NT 6.3; WOW64) AppleWebKit/537.36 (KHTML, like Gecko) Chrome/45.0.2454.99 Safari/537.36"
::1 - - [Fri, 25 Mar 2016 09:11:17 GMT] "GET / HTTP/1.1" 200 2388 "-" "Mozilla/5.0 (Windows NT 6.3; WOW64) AppleWebKit/537.36 (KHTML, like Gecko) Chrome/45.0.2454.99 Safari/537.36"
::1 - - [Fri, 25 Mar 2016 09:11:17 GMT] "GET /stylesheets/style.css HTTP/1.1" 200 1840 "http://localhost:3000/" "Mozilla/5.0 (Windows NT 6.3; WOW64) AppleWebKit/537.36 (KHTML, like Gecko) Chrome/45.0.2454.99 Safari/537.36"
::1 - - [Fri, 25 Mar 2016 09:11:18 GMT] "GET /favicon.ico HTTP/1.1" 200 220 "http://localhost:3000/" "Mozilla/5.0 (Windows NT 6.3; WOW64) AppleWebKit/537.36 (KHTML, like Gecko) Chrome/45.0.2454.99 Safari/537.36"
::1 - - [Fri, 25 Mar 2016 09:11:19 GMT] "GET /u/cao/2016-3-25/[%E8%BD%AC%E8%BD%BD]%E6%B5%8B%E8%AF%95%E6%96%87%E5%AD%97 HTTP/1.1" 200 1947 "http://localhost:3000/" "Mozilla/5.0 (Windows NT 6.3; WOW64) AppleWebKit/537.36 (KHTML, like Gecko) Chrome/45.0.2454.99 Safari/537.36"
::1 - - [Fri, 25 Mar 2016 09:11:19 GMT] "GET /stylesheets/style.css HTTP/1.1" 200 1840 "http://localhost:3000/u/cao/2016-3-25/[%E8%BD%AC%E8%BD%BD]%E6%B5%8B%E8%AF%95%E6%96%87%E5%AD%97" "Mozilla/5.0 (Windows NT 6.3; WOW64) AppleWebKit/537.36 (KHTML, like Gecko) Chrome/45.0.2454.99 Safari/537.36"
::1 - - [Fri, 25 Mar 2016 09:11:20 GMT] "GET /favicon.ico HTTP/1.1" 200 220 "http://localhost:3000/u/cao/2016-3-25/[%E8%BD%AC%E8%BD%BD]%E6%B5%8B%E8%AF%95%E6%96%87%E5%AD%97" "Mozilla/5.0 (Windows NT 6.3; WOW64) AppleWebKit/537.36 (KHTML, like Gecko) Chrome/45.0.2454.99 Safari/537.36"
::1 - - [Fri, 25 Mar 2016 09:11:21 GMT] "GET /remove/cao/2016-3-25/[%E8%BD%AC%E8%BD%BD]%E6%B5%8B%E8%AF%95%E6%96%87%E5%AD%97 HTTP/1.1" 302 46 "http://localhost:3000/u/cao/2016-3-25/[%E8%BD%AC%E8%BD%BD]%E6%B5%8B%E8%AF%95%E6%96%87%E5%AD%97" "Mozilla/5.0 (Windows NT 6.3; WOW64) AppleWebKit/537.36 (KHTML, like Gecko) Chrome/45.0.2454.99 Safari/537.36"
::1 - - [Fri, 25 Mar 2016 09:11:21 GMT] "GET / HTTP/1.1" 200 1829 "http://localhost:3000/u/cao/2016-3-25/[%E8%BD%AC%E8%BD%BD]%E6%B5%8B%E8%AF%95%E6%96%87%E5%AD%97" "Mozilla/5.0 (Windows NT 6.3; WOW64) AppleWebKit/537.36 (KHTML, like Gecko) Chrome/45.0.2454.99 Safari/537.36"
::1 - - [Fri, 25 Mar 2016 09:11:21 GMT] "GET /stylesheets/style.css HTTP/1.1" 200 1840 "http://localhost:3000/" "Mozilla/5.0 (Windows NT 6.3; WOW64) AppleWebKit/537.36 (KHTML, like Gecko) Chrome/45.0.2454.99 Safari/537.36"
::1 - - [Fri, 25 Mar 2016 09:11:21 GMT] "GET /favicon.ico HTTP/1.1" 200 220 "http://localhost:3000/" "Mozilla/5.0 (Windows NT 6.3; WOW64) AppleWebKit/537.36 (KHTML, like Gecko) Chrome/45.0.2454.99 Safari/537.36"
::1 - - [Fri, 25 Mar 2016 09:11:22 GMT] "GET /u/zhan/2016-3-25/%E6%B5%8B%E8%AF%95%E6%96%87%E5%AD%97 HTTP/1.1" 200 1785 "http://localhost:3000/" "Mozilla/5.0 (Windows NT 6.3; WOW64) AppleWebKit/537.36 (KHTML, like Gecko) Chrome/45.0.2454.99 Safari/537.36"
::1 - - [Fri, 25 Mar 2016 09:11:23 GMT] "GET /stylesheets/style.css HTTP/1.1" 200 1840 "http://localhost:3000/u/zhan/2016-3-25/%E6%B5%8B%E8%AF%95%E6%96%87%E5%AD%97" "Mozilla/5.0 (Windows NT 6.3; WOW64) AppleWebKit/537.36 (KHTML, like Gecko) Chrome/45.0.2454.99 Safari/537.36"
::1 - - [Fri, 25 Mar 2016 09:11:23 GMT] "GET /favicon.ico HTTP/1.1" 200 220 "http://localhost:3000/u/zhan/2016-3-25/%E6%B5%8B%E8%AF%95%E6%96%87%E5%AD%97" "Mozilla/5.0 (Windows NT 6.3; WOW64) AppleWebKit/537.36 (KHTML, like Gecko) Chrome/45.0.2454.99 Safari/537.36"
::1 - - [Fri, 25 Mar 2016 09:11:28 GMT] "GET /reprint/zhan/2016-3-25/%E6%B5%8B%E8%AF%95%E6%96%87%E5%AD%97 HTTP/1.1" 302 46 "http://localhost:3000/u/zhan/2016-3-25/%E6%B5%8B%E8%AF%95%E6%96%87%E5%AD%97" "Mozilla/5.0 (Windows NT 6.3; WOW64) AppleWebKit/537.36 (KHTML, like Gecko) Chrome/45.0.2454.99 Safari/537.36"
::1 - - [Fri, 25 Mar 2016 09:11:28 GMT] "GET / HTTP/1.1" 200 2422 "http://localhost:3000/u/zhan/2016-3-25/%E6%B5%8B%E8%AF%95%E6%96%87%E5%AD%97" "Mozilla/5.0 (Windows NT 6.3; WOW64) AppleWebKit/537.36 (KHTML, like Gecko) Chrome/45.0.2454.99 Safari/537.36"
::1 - - [Fri, 25 Mar 2016 09:11:28 GMT] "GET /stylesheets/style.css HTTP/1.1" 200 1840 "http://localhost:3000/" "Mozilla/5.0 (Windows NT 6.3; WOW64) AppleWebKit/537.36 (KHTML, like Gecko) Chrome/45.0.2454.99 Safari/537.36"
::1 - - [Fri, 25 Mar 2016 09:11:28 GMT] "GET /favicon.ico HTTP/1.1" 200 220 "http://localhost:3000/" "Mozilla/5.0 (Windows NT 6.3; WOW64) AppleWebKit/537.36 (KHTML, like Gecko) Chrome/45.0.2454.99 Safari/537.36"
::1 - - [Fri, 25 Mar 2016 09:13:33 GMT] "GET /logout HTTP/1.1" 302 46 "http://localhost:3000/" "Mozilla/5.0 (Windows NT 6.3; WOW64) AppleWebKit/537.36 (KHTML, like Gecko) Chrome/45.0.2454.99 Safari/537.36"
::1 - - [Fri, 25 Mar 2016 09:13:33 GMT] "GET / HTTP/1.1" 200 2362 "http://localhost:3000/" "Mozilla/5.0 (Windows NT 6.3; WOW64) AppleWebKit/537.36 (KHTML, like Gecko) Chrome/45.0.2454.99 Safari/537.36"
::1 - - [Fri, 25 Mar 2016 09:13:33 GMT] "GET /stylesheets/style.css HTTP/1.1" 200 1840 "http://localhost:3000/" "Mozilla/5.0 (Windows NT 6.3; WOW64) AppleWebKit/537.36 (KHTML, like Gecko) Chrome/45.0.2454.99 Safari/537.36"
::1 - - [Fri, 25 Mar 2016 09:13:34 GMT] "GET /favicon.ico HTTP/1.1" 200 220 "http://localhost:3000/" "Mozilla/5.0 (Windows NT 6.3; WOW64) AppleWebKit/537.36 (KHTML, like Gecko) Chrome/45.0.2454.99 Safari/537.36"
::1 - - [Fri, 25 Mar 2016 09:13:35 GMT] "GET /reg HTTP/1.1" 200 1090 "http://localhost:3000/" "Mozilla/5.0 (Windows NT 6.3; WOW64) AppleWebKit/537.36 (KHTML, like Gecko) Chrome/45.0.2454.99 Safari/537.36"
::1 - - [Fri, 25 Mar 2016 09:13:36 GMT] "GET /stylesheets/style.css HTTP/1.1" 200 1840 "http://localhost:3000/reg" "Mozilla/5.0 (Windows NT 6.3; WOW64) AppleWebKit/537.36 (KHTML, like Gecko) Chrome/45.0.2454.99 Safari/537.36"
::1 - - [Fri, 25 Mar 2016 09:13:36 GMT] "GET /favicon.ico HTTP/1.1" 200 220 "http://localhost:3000/reg" "Mozilla/5.0 (Windows NT 6.3; WOW64) AppleWebKit/537.36 (KHTML, like Gecko) Chrome/45.0.2454.99 Safari/537.36"
::1 - - [Fri, 25 Mar 2016 09:13:53 GMT] "POST /reg HTTP/1.1" 302 46 "http://localhost:3000/reg" "Mozilla/5.0 (Windows NT 6.3; WOW64) AppleWebKit/537.36 (KHTML, like Gecko) Chrome/45.0.2454.99 Safari/537.36"
::1 - - [Fri, 25 Mar 2016 09:13:53 GMT] "GET / HTTP/1.1" 200 2362 "http://localhost:3000/reg" "Mozilla/5.0 (Windows NT 6.3; WOW64) AppleWebKit/537.36 (KHTML, like Gecko) Chrome/45.0.2454.99 Safari/537.36"
::1 - - [Fri, 25 Mar 2016 09:13:54 GMT] "GET /stylesheets/style.css HTTP/1.1" 200 1840 "http://localhost:3000/" "Mozilla/5.0 (Windows NT 6.3; WOW64) AppleWebKit/537.36 (KHTML, like Gecko) Chrome/45.0.2454.99 Safari/537.36"
::1 - - [Fri, 25 Mar 2016 09:13:54 GMT] "GET /favicon.ico HTTP/1.1" 200 220 "http://localhost:3000/" "Mozilla/5.0 (Windows NT 6.3; WOW64) AppleWebKit/537.36 (KHTML, like Gecko) Chrome/45.0.2454.99 Safari/537.36"
::1 - - [Fri, 25 Mar 2016 09:16:59 GMT] "GET / HTTP/1.1" 200 2328 "http://localhost:3000/reg" "Mozilla/5.0 (Windows NT 6.3; WOW64) AppleWebKit/537.36 (KHTML, like Gecko) Chrome/45.0.2454.99 Safari/537.36"
::1 - - [Fri, 25 Mar 2016 09:16:59 GMT] "GET /stylesheets/style.css HTTP/1.1" 200 1840 "http://localhost:3000/" "Mozilla/5.0 (Windows NT 6.3; WOW64) AppleWebKit/537.36 (KHTML, like Gecko) Chrome/45.0.2454.99 Safari/537.36"
::1 - - [Fri, 25 Mar 2016 09:17:00 GMT] "GET /favicon.ico HTTP/1.1" 200 220 "http://localhost:3000/" "Mozilla/5.0 (Windows NT 6.3; WOW64) AppleWebKit/537.36 (KHTML, like Gecko) Chrome/45.0.2454.99 Safari/537.36"
::1 - - [Fri, 25 Mar 2016 09:17:01 GMT] "GET /u/cao/2016-3-25/%E8%8D%89%E5%93%88%E5%93%88 HTTP/1.1" 200 1567 "http://localhost:3000/" "Mozilla/5.0 (Windows NT 6.3; WOW64) AppleWebKit/537.36 (KHTML, like Gecko) Chrome/45.0.2454.99 Safari/537.36"
::1 - - [Fri, 25 Mar 2016 09:17:01 GMT] "GET /stylesheets/style.css HTTP/1.1" 200 1840 "http://localhost:3000/u/cao/2016-3-25/%E8%8D%89%E5%93%88%E5%93%88" "Mozilla/5.0 (Windows NT 6.3; WOW64) AppleWebKit/537.36 (KHTML, like Gecko) Chrome/45.0.2454.99 Safari/537.36"
::1 - - [Fri, 25 Mar 2016 09:17:02 GMT] "GET /favicon.ico HTTP/1.1" 200 220 "http://localhost:3000/u/cao/2016-3-25/%E8%8D%89%E5%93%88%E5%93%88" "Mozilla/5.0 (Windows NT 6.3; WOW64) AppleWebKit/537.36 (KHTML, like Gecko) Chrome/45.0.2454.99 Safari/537.36"
::1 - - [Fri, 25 Mar 2016 09:17:04 GMT] "GET / HTTP/1.1" 200 2328 "http://localhost:3000/reg" "Mozilla/5.0 (Windows NT 6.3; WOW64) AppleWebKit/537.36 (KHTML, like Gecko) Chrome/45.0.2454.99 Safari/537.36"
::1 - - [Fri, 25 Mar 2016 09:17:05 GMT] "GET /stylesheets/style.css HTTP/1.1" 200 1840 "http://localhost:3000/" "Mozilla/5.0 (Windows NT 6.3; WOW64) AppleWebKit/537.36 (KHTML, like Gecko) Chrome/45.0.2454.99 Safari/537.36"
::1 - - [Fri, 25 Mar 2016 09:17:05 GMT] "GET /favicon.ico HTTP/1.1" 200 220 "http://localhost:3000/" "Mozilla/5.0 (Windows NT 6.3; WOW64) AppleWebKit/537.36 (KHTML, like Gecko) Chrome/45.0.2454.99 Safari/537.36"
::1 - - [Fri, 25 Mar 2016 09:17:06 GMT] "GET /u/zhan/2016-3-25/%E6%B5%8B%E8%AF%95%E6%96%87%E5%AD%97 HTTP/1.1" 200 1586 "http://localhost:3000/" "Mozilla/5.0 (Windows NT 6.3; WOW64) AppleWebKit/537.36 (KHTML, like Gecko) Chrome/45.0.2454.99 Safari/537.36"
::1 - - [Fri, 25 Mar 2016 09:17:07 GMT] "GET /stylesheets/style.css HTTP/1.1" 200 1840 "http://localhost:3000/u/zhan/2016-3-25/%E6%B5%8B%E8%AF%95%E6%96%87%E5%AD%97" "Mozilla/5.0 (Windows NT 6.3; WOW64) AppleWebKit/537.36 (KHTML, like Gecko) Chrome/45.0.2454.99 Safari/537.36"
::1 - - [Fri, 25 Mar 2016 09:17:07 GMT] "GET /favicon.ico HTTP/1.1" 200 220 "http://localhost:3000/u/zhan/2016-3-25/%E6%B5%8B%E8%AF%95%E6%96%87%E5%AD%97" "Mozilla/5.0 (Windows NT 6.3; WOW64) AppleWebKit/537.36 (KHTML, like Gecko) Chrome/45.0.2454.99 Safari/537.36"
::1 - - [Fri, 25 Mar 2016 09:17:08 GMT] "GET / HTTP/1.1" 200 2328 "http://localhost:3000/reg" "Mozilla/5.0 (Windows NT 6.3; WOW64) AppleWebKit/537.36 (KHTML, like Gecko) Chrome/45.0.2454.99 Safari/537.36"
::1 - - [Fri, 25 Mar 2016 09:17:09 GMT] "GET /stylesheets/style.css HTTP/1.1" 200 1840 "http://localhost:3000/" "Mozilla/5.0 (Windows NT 6.3; WOW64) AppleWebKit/537.36 (KHTML, like Gecko) Chrome/45.0.2454.99 Safari/537.36"
::1 - - [Fri, 25 Mar 2016 09:17:09 GMT] "GET /favicon.ico HTTP/1.1" 200 220 "http://localhost:3000/" "Mozilla/5.0 (Windows NT 6.3; WOW64) AppleWebKit/537.36 (KHTML, like Gecko) Chrome/45.0.2454.99 Safari/537.36"
::1 - - [Fri, 25 Mar 2016 09:17:12 GMT] "GET /u/cao/2016-3-25/[%E8%BD%AC%E8%BD%BD]%E6%B5%8B%E8%AF%95%E6%96%87%E5%AD%97 HTTP/1.1" 200 1665 "http://localhost:3000/" "Mozilla/5.0 (Windows NT 6.3; WOW64) AppleWebKit/537.36 (KHTML, like Gecko) Chrome/45.0.2454.99 Safari/537.36"
::1 - - [Fri, 25 Mar 2016 09:17:12 GMT] "GET /stylesheets/style.css HTTP/1.1" 200 1840 "http://localhost:3000/u/cao/2016-3-25/[%E8%BD%AC%E8%BD%BD]%E6%B5%8B%E8%AF%95%E6%96%87%E5%AD%97" "Mozilla/5.0 (Windows NT 6.3; WOW64) AppleWebKit/537.36 (KHTML, like Gecko) Chrome/45.0.2454.99 Safari/537.36"
::1 - - [Fri, 25 Mar 2016 09:17:12 GMT] "GET /favicon.ico HTTP/1.1" 200 220 "http://localhost:3000/u/cao/2016-3-25/[%E8%BD%AC%E8%BD%BD]%E6%B5%8B%E8%AF%95%E6%96%87%E5%AD%97" "Mozilla/5.0 (Windows NT 6.3; WOW64) AppleWebKit/537.36 (KHTML, like Gecko) Chrome/45.0.2454.99 Safari/537.36"
::1 - - [Fri, 25 Mar 2016 09:17:16 GMT] "GET / HTTP/1.1" 200 2328 "http://localhost:3000/reg" "Mozilla/5.0 (Windows NT 6.3; WOW64) AppleWebKit/537.36 (KHTML, like Gecko) Chrome/45.0.2454.99 Safari/537.36"
::1 - - [Fri, 25 Mar 2016 09:17:16 GMT] "GET /stylesheets/style.css HTTP/1.1" 200 1840 "http://localhost:3000/" "Mozilla/5.0 (Windows NT 6.3; WOW64) AppleWebKit/537.36 (KHTML, like Gecko) Chrome/45.0.2454.99 Safari/537.36"
::1 - - [Fri, 25 Mar 2016 09:17:16 GMT] "GET /favicon.ico HTTP/1.1" 200 220 "http://localhost:3000/" "Mozilla/5.0 (Windows NT 6.3; WOW64) AppleWebKit/537.36 (KHTML, like Gecko) Chrome/45.0.2454.99 Safari/537.36"
::1 - - [Fri, 25 Mar 2016 09:17:21 GMT] "GET /u/cao/2016-3-25/%E8%8D%89%E5%93%88%E5%93%88 HTTP/1.1" 200 1567 "http://localhost:3000/" "Mozilla/5.0 (Windows NT 6.3; WOW64) AppleWebKit/537.36 (KHTML, like Gecko) Chrome/45.0.2454.99 Safari/537.36"
::1 - - [Fri, 25 Mar 2016 09:17:21 GMT] "GET /stylesheets/style.css HTTP/1.1" 200 1840 "http://localhost:3000/u/cao/2016-3-25/%E8%8D%89%E5%93%88%E5%93%88" "Mozilla/5.0 (Windows NT 6.3; WOW64) AppleWebKit/537.36 (KHTML, like Gecko) Chrome/45.0.2454.99 Safari/537.36"
::1 - - [Fri, 25 Mar 2016 09:17:21 GMT] "GET /favicon.ico HTTP/1.1" 200 220 "http://localhost:3000/u/cao/2016-3-25/%E8%8D%89%E5%93%88%E5%93%88" "Mozilla/5.0 (Windows NT 6.3; WOW64) AppleWebKit/537.36 (KHTML, like Gecko) Chrome/45.0.2454.99 Safari/537.36"
::1 - - [Fri, 25 Mar 2016 09:17:24 GMT] "GET / HTTP/1.1" 200 2328 "http://localhost:3000/reg" "Mozilla/5.0 (Windows NT 6.3; WOW64) AppleWebKit/537.36 (KHTML, like Gecko) Chrome/45.0.2454.99 Safari/537.36"
::1 - - [Fri, 25 Mar 2016 09:17:24 GMT] "GET /stylesheets/style.css HTTP/1.1" 200 1840 "http://localhost:3000/" "Mozilla/5.0 (Windows NT 6.3; WOW64) AppleWebKit/537.36 (KHTML, like Gecko) Chrome/45.0.2454.99 Safari/537.36"
::1 - - [Fri, 25 Mar 2016 09:17:24 GMT] "GET /favicon.ico HTTP/1.1" 200 220 "http://localhost:3000/" "Mozilla/5.0 (Windows NT 6.3; WOW64) AppleWebKit/537.36 (KHTML, like Gecko) Chrome/45.0.2454.99 Safari/537.36"
::1 - - [Fri, 25 Mar 2016 09:17:31 GMT] "GET /login HTTP/1.1" 200 955 "http://localhost:3000/" "Mozilla/5.0 (Windows NT 6.3; WOW64) AppleWebKit/537.36 (KHTML, like Gecko) Chrome/45.0.2454.99 Safari/537.36"
::1 - - [Fri, 25 Mar 2016 09:17:31 GMT] "GET /stylesheets/style.css HTTP/1.1" 200 1840 "http://localhost:3000/login" "Mozilla/5.0 (Windows NT 6.3; WOW64) AppleWebKit/537.36 (KHTML, like Gecko) Chrome/45.0.2454.99 Safari/537.36"
::1 - - [Fri, 25 Mar 2016 09:17:32 GMT] "GET /favicon.ico HTTP/1.1" 200 220 "http://localhost:3000/login" "Mozilla/5.0 (Windows NT 6.3; WOW64) AppleWebKit/537.36 (KHTML, like Gecko) Chrome/45.0.2454.99 Safari/537.36"
::1 - - [Fri, 25 Mar 2016 09:17:36 GMT] "POST /login HTTP/1.1" 302 46 "http://localhost:3000/login" "Mozilla/5.0 (Windows NT 6.3; WOW64) AppleWebKit/537.36 (KHTML, like Gecko) Chrome/45.0.2454.99 Safari/537.36"
::1 - - [Fri, 25 Mar 2016 09:17:36 GMT] "GET / HTTP/1.1" 200 2422 "http://localhost:3000/login" "Mozilla/5.0 (Windows NT 6.3; WOW64) AppleWebKit/537.36 (KHTML, like Gecko) Chrome/45.0.2454.99 Safari/537.36"
::1 - - [Fri, 25 Mar 2016 09:17:36 GMT] "GET /stylesheets/style.css HTTP/1.1" 200 1840 "http://localhost:3000/" "Mozilla/5.0 (Windows NT 6.3; WOW64) AppleWebKit/537.36 (KHTML, like Gecko) Chrome/45.0.2454.99 Safari/537.36"
::1 - - [Fri, 25 Mar 2016 09:17:37 GMT] "GET /favicon.ico HTTP/1.1" 200 220 "http://localhost:3000/" "Mozilla/5.0 (Windows NT 6.3; WOW64) AppleWebKit/537.36 (KHTML, like Gecko) Chrome/45.0.2454.99 Safari/537.36"
::1 - - [Fri, 25 Mar 2016 09:17:39 GMT] "GET /u/cao/2016-3-25/[%E8%BD%AC%E8%BD%BD]%E6%B5%8B%E8%AF%95%E6%96%87%E5%AD%97 HTTP/1.1" 200 1861 "http://localhost:3000/" "Mozilla/5.0 (Windows NT 6.3; WOW64) AppleWebKit/537.36 (KHTML, like Gecko) Chrome/45.0.2454.99 Safari/537.36"
::1 - - [Fri, 25 Mar 2016 09:17:39 GMT] "GET /stylesheets/style.css HTTP/1.1" 200 1840 "http://localhost:3000/u/cao/2016-3-25/[%E8%BD%AC%E8%BD%BD]%E6%B5%8B%E8%AF%95%E6%96%87%E5%AD%97" "Mozilla/5.0 (Windows NT 6.3; WOW64) AppleWebKit/537.36 (KHTML, like Gecko) Chrome/45.0.2454.99 Safari/537.36"
::1 - - [Fri, 25 Mar 2016 09:17:39 GMT] "GET /favicon.ico HTTP/1.1" 200 220 "http://localhost:3000/u/cao/2016-3-25/[%E8%BD%AC%E8%BD%BD]%E6%B5%8B%E8%AF%95%E6%96%87%E5%AD%97" "Mozilla/5.0 (Windows NT 6.3; WOW64) AppleWebKit/537.36 (KHTML, like Gecko) Chrome/45.0.2454.99 Safari/537.36"
::1 - - [Fri, 25 Mar 2016 09:17:41 GMT] "GET /reprint/cao/2016-3-25/[%E8%BD%AC%E8%BD%BD]%E6%B5%8B%E8%AF%95%E6%96%87%E5%AD%97 HTTP/1.1" 302 46 "http://localhost:3000/u/cao/2016-3-25/[%E8%BD%AC%E8%BD%BD]%E6%B5%8B%E8%AF%95%E6%96%87%E5%AD%97" "Mozilla/5.0 (Windows NT 6.3; WOW64) AppleWebKit/537.36 (KHTML, like Gecko) Chrome/45.0.2454.99 Safari/537.36"
::1 - - [Fri, 25 Mar 2016 09:17:41 GMT] "GET / HTTP/1.1" 200 3022 "http://localhost:3000/u/cao/2016-3-25/[%E8%BD%AC%E8%BD%BD]%E6%B5%8B%E8%AF%95%E6%96%87%E5%AD%97" "Mozilla/5.0 (Windows NT 6.3; WOW64) AppleWebKit/537.36 (KHTML, like Gecko) Chrome/45.0.2454.99 Safari/537.36"
::1 - - [Fri, 25 Mar 2016 09:17:41 GMT] "GET /stylesheets/style.css HTTP/1.1" 200 1840 "http://localhost:3000/" "Mozilla/5.0 (Windows NT 6.3; WOW64) AppleWebKit/537.36 (KHTML, like Gecko) Chrome/45.0.2454.99 Safari/537.36"
::1 - - [Fri, 25 Mar 2016 09:17:41 GMT] "GET /favicon.ico HTTP/1.1" 200 220 "http://localhost:3000/" "Mozilla/5.0 (Windows NT 6.3; WOW64) AppleWebKit/537.36 (KHTML, like Gecko) Chrome/45.0.2454.99 Safari/537.36"
::1 - - [Fri, 25 Mar 2016 09:18:22 GMT] "GET /reprint/ddd/2016-3-25/ HTTP/1.1" 200 220 "-" "Mozilla/5.0 (Windows NT 6.3; WOW64) AppleWebKit/537.36 (KHTML, like Gecko) Chrome/45.0.2454.99 Safari/537.36"
::1 - - [Fri, 25 Mar 2016 09:18:45 GMT] "GET /favicon.ico HTTP/1.1" 200 220 "http://localhost:3000/reprint/ddd/2016-3-25/" "Mozilla/5.0 (Windows NT 6.3; WOW64) AppleWebKit/537.36 (KHTML, like Gecko) Chrome/45.0.2454.99 Safari/537.36"
::1 - - [Fri, 25 Mar 2016 09:18:46 GMT] "GET / HTTP/1.1" 200 2988 "http://localhost:3000/u/cao/2016-3-25/[%E8%BD%AC%E8%BD%BD]%E6%B5%8B%E8%AF%95%E6%96%87%E5%AD%97" "Mozilla/5.0 (Windows NT 6.3; WOW64) AppleWebKit/537.36 (KHTML, like Gecko) Chrome/45.0.2454.99 Safari/537.36"
::1 - - [Fri, 25 Mar 2016 09:18:46 GMT] "GET /stylesheets/style.css HTTP/1.1" 200 1840 "http://localhost:3000/" "Mozilla/5.0 (Windows NT 6.3; WOW64) AppleWebKit/537.36 (KHTML, like Gecko) Chrome/45.0.2454.99 Safari/537.36"
::1 - - [Fri, 25 Mar 2016 09:18:47 GMT] "GET /favicon.ico HTTP/1.1" 200 220 "http://localhost:3000/" "Mozilla/5.0 (Windows NT 6.3; WOW64) AppleWebKit/537.36 (KHTML, like Gecko) Chrome/45.0.2454.99 Safari/537.36"
::1 - - [Fri, 25 Mar 2016 09:18:53 GMT] "GET /u/cao/2016-3-25/%E8%8D%89%E5%93%88%E5%93%88 HTTP/1.1" 200 1752 "http://localhost:3000/" "Mozilla/5.0 (Windows NT 6.3; WOW64) AppleWebKit/537.36 (KHTML, like Gecko) Chrome/45.0.2454.99 Safari/537.36"
::1 - - [Fri, 25 Mar 2016 09:18:53 GMT] "GET /stylesheets/style.css HTTP/1.1" 200 1840 "http://localhost:3000/u/cao/2016-3-25/%E8%8D%89%E5%93%88%E5%93%88" "Mozilla/5.0 (Windows NT 6.3; WOW64) AppleWebKit/537.36 (KHTML, like Gecko) Chrome/45.0.2454.99 Safari/537.36"
::1 - - [Fri, 25 Mar 2016 09:18:53 GMT] "GET /favicon.ico HTTP/1.1" 200 220 "http://localhost:3000/u/cao/2016-3-25/%E8%8D%89%E5%93%88%E5%93%88" "Mozilla/5.0 (Windows NT 6.3; WOW64) AppleWebKit/537.36 (KHTML, like Gecko) Chrome/45.0.2454.99 Safari/537.36"
::1 - - [Fri, 25 Mar 2016 09:18:54 GMT] "GET /reprint/cao/2016-3-25/%E8%8D%89%E5%93%88%E5%93%88 HTTP/1.1" 302 46 "http://localhost:3000/u/cao/2016-3-25/%E8%8D%89%E5%93%88%E5%93%88" "Mozilla/5.0 (Windows NT 6.3; WOW64) AppleWebKit/537.36 (KHTML, like Gecko) Chrome/45.0.2454.99 Safari/537.36"
::1 - - [Fri, 25 Mar 2016 09:18:55 GMT] "GET / HTTP/1.1" 200 3596 "http://localhost:3000/u/cao/2016-3-25/%E8%8D%89%E5%93%88%E5%93%88" "Mozilla/5.0 (Windows NT 6.3; WOW64) AppleWebKit/537.36 (KHTML, like Gecko) Chrome/45.0.2454.99 Safari/537.36"
::1 - - [Fri, 25 Mar 2016 09:18:55 GMT] "GET /stylesheets/style.css HTTP/1.1" 200 1840 "http://localhost:3000/" "Mozilla/5.0 (Windows NT 6.3; WOW64) AppleWebKit/537.36 (KHTML, like Gecko) Chrome/45.0.2454.99 Safari/537.36"
::1 - - [Fri, 25 Mar 2016 09:18:55 GMT] "GET /favicon.ico HTTP/1.1" 200 220 "http://localhost:3000/" "Mozilla/5.0 (Windows NT 6.3; WOW64) AppleWebKit/537.36 (KHTML, like Gecko) Chrome/45.0.2454.99 Safari/537.36"
::1 - - [Fri, 25 Mar 2016 09:21:51 GMT] "GET / HTTP/1.1" 200 3624 "http://localhost:3000/u/cao/2016-3-25/%E8%8D%89%E5%93%88%E5%93%88" "Mozilla/5.0 (Windows NT 6.3; WOW64) AppleWebKit/537.36 (KHTML, like Gecko) Chrome/45.0.2454.99 Safari/537.36"
::1 - - [Fri, 25 Mar 2016 09:21:51 GMT] "GET /stylesheets/style.css HTTP/1.1" 200 1840 "http://localhost:3000/" "Mozilla/5.0 (Windows NT 6.3; WOW64) AppleWebKit/537.36 (KHTML, like Gecko) Chrome/45.0.2454.99 Safari/537.36"
::1 - - [Fri, 25 Mar 2016 09:21:52 GMT] "GET /favicon.ico HTTP/1.1" 200 220 "http://localhost:3000/" "Mozilla/5.0 (Windows NT 6.3; WOW64) AppleWebKit/537.36 (KHTML, like Gecko) Chrome/45.0.2454.99 Safari/537.36"
::ffff:127.0.0.1 - - [Fri, 25 Mar 2016 09:22:15 GMT] "GET / HTTP/1.1" 200 3609 "http://localhost:3000/u/cao/2016-3-25/%E8%8D%89%E5%93%88%E5%93%88" "Mozilla/5.0 (Windows NT 6.3; WOW64) AppleWebKit/537.36 (KHTML, like Gecko) Chrome/45.0.2454.99 Safari/537.36"
::ffff:127.0.0.1 - - [Fri, 25 Mar 2016 09:22:15 GMT] "GET /stylesheets/style.css HTTP/1.1" 200 1840 "http://localhost:3000/" "Mozilla/5.0 (Windows NT 6.3; WOW64) AppleWebKit/537.36 (KHTML, like Gecko) Chrome/45.0.2454.99 Safari/537.36"
::ffff:127.0.0.1 - - [Fri, 25 Mar 2016 09:22:16 GMT] "GET /favicon.ico HTTP/1.1" 200 220 "http://localhost:3000/" "Mozilla/5.0 (Windows NT 6.3; WOW64) AppleWebKit/537.36 (KHTML, like Gecko) Chrome/45.0.2454.99 Safari/537.36"
::1 - - [Fri, 25 Mar 2016 09:22:38 GMT] "GET / HTTP/1.1" 200 3588 "http://localhost:3000/u/cao/2016-3-25/%E8%8D%89%E5%93%88%E5%93%88" "Mozilla/5.0 (Windows NT 6.3; WOW64) AppleWebKit/537.36 (KHTML, like Gecko) Chrome/45.0.2454.99 Safari/537.36"
::1 - - [Fri, 25 Mar 2016 09:22:38 GMT] "GET /stylesheets/style.css HTTP/1.1" 200 1840 "http://localhost:3000/" "Mozilla/5.0 (Windows NT 6.3; WOW64) AppleWebKit/537.36 (KHTML, like Gecko) Chrome/45.0.2454.99 Safari/537.36"
::1 - - [Fri, 25 Mar 2016 09:22:39 GMT] "GET /favicon.ico HTTP/1.1" 200 220 "http://localhost:3000/" "Mozilla/5.0 (Windows NT 6.3; WOW64) AppleWebKit/537.36 (KHTML, like Gecko) Chrome/45.0.2454.99 Safari/537.36"
::1 - - [Fri, 25 Mar 2016 09:23:38 GMT] "GET / HTTP/1.1" 200 3588 "http://localhost:3000/u/cao/2016-3-25/%E8%8D%89%E5%93%88%E5%93%88" "Mozilla/5.0 (Windows NT 6.3; WOW64) AppleWebKit/537.36 (KHTML, like Gecko) Chrome/45.0.2454.99 Safari/537.36"
::1 - - [Fri, 25 Mar 2016 09:23:38 GMT] "GET /stylesheets/style.css HTTP/1.1" 200 1840 "http://localhost:3000/" "Mozilla/5.0 (Windows NT 6.3; WOW64) AppleWebKit/537.36 (KHTML, like Gecko) Chrome/45.0.2454.99 Safari/537.36"
::1 - - [Fri, 25 Mar 2016 09:23:39 GMT] "GET /favicon.ico HTTP/1.1" 200 220 "http://localhost:3000/" "Mozilla/5.0 (Windows NT 6.3; WOW64) AppleWebKit/537.36 (KHTML, like Gecko) Chrome/45.0.2454.99 Safari/537.36"
::1 - - [Fri, 25 Mar 2016 09:24:30 GMT] "GET /logout HTTP/1.1" 302 46 "http://localhost:3000/" "Mozilla/5.0 (Windows NT 6.3; WOW64) AppleWebKit/537.36 (KHTML, like Gecko) Chrome/45.0.2454.99 Safari/537.36"
::1 - - [Fri, 25 Mar 2016 09:24:30 GMT] "GET / HTTP/1.1" 200 3540 "http://localhost:3000/" "Mozilla/5.0 (Windows NT 6.3; WOW64) AppleWebKit/537.36 (KHTML, like Gecko) Chrome/45.0.2454.99 Safari/537.36"
::1 - - [Fri, 25 Mar 2016 09:24:30 GMT] "GET /stylesheets/style.css HTTP/1.1" 200 1840 "http://localhost:3000/" "Mozilla/5.0 (Windows NT 6.3; WOW64) AppleWebKit/537.36 (KHTML, like Gecko) Chrome/45.0.2454.99 Safari/537.36"
::1 - - [Fri, 25 Mar 2016 09:24:31 GMT] "GET /favicon.ico HTTP/1.1" 200 220 "http://localhost:3000/" "Mozilla/5.0 (Windows NT 6.3; WOW64) AppleWebKit/537.36 (KHTML, like Gecko) Chrome/45.0.2454.99 Safari/537.36"
::1 - - [Fri, 25 Mar 2016 09:24:31 GMT] "GET /reg HTTP/1.1" 200 1094 "http://localhost:3000/" "Mozilla/5.0 (Windows NT 6.3; WOW64) AppleWebKit/537.36 (KHTML, like Gecko) Chrome/45.0.2454.99 Safari/537.36"
::1 - - [Fri, 25 Mar 2016 09:24:32 GMT] "GET /stylesheets/style.css HTTP/1.1" 200 1840 "http://localhost:3000/reg" "Mozilla/5.0 (Windows NT 6.3; WOW64) AppleWebKit/537.36 (KHTML, like Gecko) Chrome/45.0.2454.99 Safari/537.36"
::1 - - [Fri, 25 Mar 2016 09:24:32 GMT] "GET /favicon.ico HTTP/1.1" 200 220 "http://localhost:3000/reg" "Mozilla/5.0 (Windows NT 6.3; WOW64) AppleWebKit/537.36 (KHTML, like Gecko) Chrome/45.0.2454.99 Safari/537.36"
::1 - - [Fri, 25 Mar 2016 09:24:41 GMT] "POST /reg HTTP/1.1" 302 46 "http://localhost:3000/reg" "Mozilla/5.0 (Windows NT 6.3; WOW64) AppleWebKit/537.36 (KHTML, like Gecko) Chrome/45.0.2454.99 Safari/537.36"
::1 - - [Fri, 25 Mar 2016 09:24:41 GMT] "GET / HTTP/1.1" 200 3540 "http://localhost:3000/reg" "Mozilla/5.0 (Windows NT 6.3; WOW64) AppleWebKit/537.36 (KHTML, like Gecko) Chrome/45.0.2454.99 Safari/537.36"
::1 - - [Fri, 25 Mar 2016 09:24:41 GMT] "GET /stylesheets/style.css HTTP/1.1" 200 1840 "http://localhost:3000/" "Mozilla/5.0 (Windows NT 6.3; WOW64) AppleWebKit/537.36 (KHTML, like Gecko) Chrome/45.0.2454.99 Safari/537.36"
::1 - - [Fri, 25 Mar 2016 09:24:42 GMT] "GET /favicon.ico HTTP/1.1" 200 220 "http://localhost:3000/" "Mozilla/5.0 (Windows NT 6.3; WOW64) AppleWebKit/537.36 (KHTML, like Gecko) Chrome/45.0.2454.99 Safari/537.36"
::1 - - [Fri, 25 Mar 2016 09:25:09 GMT] "GET /login HTTP/1.1" 200 959 "http://localhost:3000/" "Mozilla/5.0 (Windows NT 6.3; WOW64) AppleWebKit/537.36 (KHTML, like Gecko) Chrome/45.0.2454.99 Safari/537.36"
::1 - - [Fri, 25 Mar 2016 09:25:09 GMT] "GET /stylesheets/style.css HTTP/1.1" 200 1840 "http://localhost:3000/login" "Mozilla/5.0 (Windows NT 6.3; WOW64) AppleWebKit/537.36 (KHTML, like Gecko) Chrome/45.0.2454.99 Safari/537.36"
::1 - - [Fri, 25 Mar 2016 09:25:10 GMT] "GET /favicon.ico HTTP/1.1" 200 220 "http://localhost:3000/login" "Mozilla/5.0 (Windows NT 6.3; WOW64) AppleWebKit/537.36 (KHTML, like Gecko) Chrome/45.0.2454.99 Safari/537.36"
::1 - - [Fri, 25 Mar 2016 09:25:16 GMT] "POST /login HTTP/1.1" 302 46 "http://localhost:3000/login" "Mozilla/5.0 (Windows NT 6.3; WOW64) AppleWebKit/537.36 (KHTML, like Gecko) Chrome/45.0.2454.99 Safari/537.36"
::1 - - [Fri, 25 Mar 2016 09:25:16 GMT] "GET / HTTP/1.1" 200 3621 "http://localhost:3000/login" "Mozilla/5.0 (Windows NT 6.3; WOW64) AppleWebKit/537.36 (KHTML, like Gecko) Chrome/45.0.2454.99 Safari/537.36"
::1 - - [Fri, 25 Mar 2016 09:25:17 GMT] "GET /stylesheets/style.css HTTP/1.1" 200 1840 "http://localhost:3000/" "Mozilla/5.0 (Windows NT 6.3; WOW64) AppleWebKit/537.36 (KHTML, like Gecko) Chrome/45.0.2454.99 Safari/537.36"
::1 - - [Fri, 25 Mar 2016 09:25:17 GMT] "GET /favicon.ico HTTP/1.1" 200 220 "http://localhost:3000/" "Mozilla/5.0 (Windows NT 6.3; WOW64) AppleWebKit/537.36 (KHTML, like Gecko) Chrome/45.0.2454.99 Safari/537.36"
::1 - - [Fri, 25 Mar 2016 09:31:06 GMT] "GET / HTTP/1.1" 200 3587 "http://localhost:3000/login" "Mozilla/5.0 (Windows NT 6.3; WOW64) AppleWebKit/537.36 (KHTML, like Gecko) Chrome/45.0.2454.99 Safari/537.36"
::1 - - [Fri, 25 Mar 2016 09:31:06 GMT] "GET /stylesheets/style.css HTTP/1.1" 200 1840 "http://localhost:3000/" "Mozilla/5.0 (Windows NT 6.3; WOW64) AppleWebKit/537.36 (KHTML, like Gecko) Chrome/45.0.2454.99 Safari/537.36"
::1 - - [Fri, 25 Mar 2016 09:31:07 GMT] "GET /favicon.ico HTTP/1.1" 200 220 "http://localhost:3000/" "Mozilla/5.0 (Windows NT 6.3; WOW64) AppleWebKit/537.36 (KHTML, like Gecko) Chrome/45.0.2454.99 Safari/537.36"
::1 - - [Fri, 25 Mar 2016 09:31:10 GMT] "GET /u/zhan/2016-3-25/%E6%B5%8B%E8%AF%95%E6%96%87%E5%AD%97 HTTP/1.1" 200 1822 "http://localhost:3000/" "Mozilla/5.0 (Windows NT 6.3; WOW64) AppleWebKit/537.36 (KHTML, like Gecko) Chrome/45.0.2454.99 Safari/537.36"
::1 - - [Fri, 25 Mar 2016 09:31:11 GMT] "GET /stylesheets/style.css HTTP/1.1" 200 1840 "http://localhost:3000/u/zhan/2016-3-25/%E6%B5%8B%E8%AF%95%E6%96%87%E5%AD%97" "Mozilla/5.0 (Windows NT 6.3; WOW64) AppleWebKit/537.36 (KHTML, like Gecko) Chrome/45.0.2454.99 Safari/537.36"
::1 - - [Fri, 25 Mar 2016 09:31:11 GMT] "GET /favicon.ico HTTP/1.1" 200 220 "http://localhost:3000/u/zhan/2016-3-25/%E6%B5%8B%E8%AF%95%E6%96%87%E5%AD%97" "Mozilla/5.0 (Windows NT 6.3; WOW64) AppleWebKit/537.36 (KHTML, like Gecko) Chrome/45.0.2454.99 Safari/537.36"
::1 - - [Fri, 25 Mar 2016 09:31:13 GMT] "GET /reprint/zhan/2016-3-25/%E6%B5%8B%E8%AF%95%E6%96%87%E5%AD%97 HTTP/1.1" 302 196 "http://localhost:3000/u/zhan/2016-3-25/%E6%B5%8B%E8%AF%95%E6%96%87%E5%AD%97" "Mozilla/5.0 (Windows NT 6.3; WOW64) AppleWebKit/537.36 (KHTML, like Gecko) Chrome/45.0.2454.99 Safari/537.36"
::1 - - [Fri, 25 Mar 2016 09:31:13 GMT] "GET /u/kk/2016-3-25/%5B%E8%BD%AC%E8%BD%BD%5D%E6%B5%8B%E8%AF%95%E6%96%87%E5%AD%97 HTTP/1.1" 200 1999 "http://localhost:3000/u/zhan/2016-3-25/%E6%B5%8B%E8%AF%95%E6%96%87%E5%AD%97" "Mozilla/5.0 (Windows NT 6.3; WOW64) AppleWebKit/537.36 (KHTML, like Gecko) Chrome/45.0.2454.99 Safari/537.36"
::1 - - [Fri, 25 Mar 2016 09:31:13 GMT] "GET /stylesheets/style.css HTTP/1.1" 200 1840 "http://localhost:3000/u/kk/2016-3-25/%5B%E8%BD%AC%E8%BD%BD%5D%E6%B5%8B%E8%AF%95%E6%96%87%E5%AD%97" "Mozilla/5.0 (Windows NT 6.3; WOW64) AppleWebKit/537.36 (KHTML, like Gecko) Chrome/45.0.2454.99 Safari/537.36"
::1 - - [Fri, 25 Mar 2016 09:31:13 GMT] "GET /favicon.ico HTTP/1.1" 200 220 "http://localhost:3000/u/kk/2016-3-25/%5B%E8%BD%AC%E8%BD%BD%5D%E6%B5%8B%E8%AF%95%E6%96%87%E5%AD%97" "Mozilla/5.0 (Windows NT 6.3; WOW64) AppleWebKit/537.36 (KHTML, like Gecko) Chrome/45.0.2454.99 Safari/537.36"
::ffff:127.0.0.1 - - [Tue, 29 Mar 2016 01:41:22 GMT] "GET / HTTP/1.1" 200 4095 "-" "Mozilla/5.0 (Windows NT 6.3; WOW64) AppleWebKit/537.36 (KHTML, like Gecko) Chrome/45.0.2454.99 Safari/537.36"
::ffff:127.0.0.1 - - [Tue, 29 Mar 2016 01:41:22 GMT] "GET /stylesheets/style.css HTTP/1.1" 200 1840 "http://127.0.0.1:3000/" "Mozilla/5.0 (Windows NT 6.3; WOW64) AppleWebKit/537.36 (KHTML, like Gecko) Chrome/45.0.2454.99 Safari/537.36"
::ffff:127.0.0.1 - - [Tue, 29 Mar 2016 01:41:23 GMT] "GET /favicon.ico HTTP/1.1" 304 - "http://127.0.0.1:3000/" "Mozilla/5.0 (Windows NT 6.3; WOW64) AppleWebKit/537.36 (KHTML, like Gecko) Chrome/45.0.2454.99 Safari/537.36"
::ffff:127.0.0.1 - - [Tue, 29 Mar 2016 01:41:25 GMT] "GET /reg HTTP/1.1" 200 1094 "http://127.0.0.1:3000/" "Mozilla/5.0 (Windows NT 6.3; WOW64) AppleWebKit/537.36 (KHTML, like Gecko) Chrome/45.0.2454.99 Safari/537.36"
::ffff:127.0.0.1 - - [Tue, 29 Mar 2016 01:41:25 GMT] "GET /stylesheets/style.css HTTP/1.1" 304 - "http://127.0.0.1:3000/reg" "Mozilla/5.0 (Windows NT 6.3; WOW64) AppleWebKit/537.36 (KHTML, like Gecko) Chrome/45.0.2454.99 Safari/537.36"
::ffff:127.0.0.1 - - [Tue, 29 Mar 2016 01:41:26 GMT] "GET /favicon.ico HTTP/1.1" 304 - "http://127.0.0.1:3000/reg" "Mozilla/5.0 (Windows NT 6.3; WOW64) AppleWebKit/537.36 (KHTML, like Gecko) Chrome/45.0.2454.99 Safari/537.36"
::ffff:127.0.0.1 - - [Tue, 29 Mar 2016 01:41:33 GMT] "POST /reg HTTP/1.1" 302 46 "http://127.0.0.1:3000/reg" "Mozilla/5.0 (Windows NT 6.3; WOW64) AppleWebKit/537.36 (KHTML, like Gecko) Chrome/45.0.2454.99 Safari/537.36"
::ffff:127.0.0.1 - - [Tue, 29 Mar 2016 01:41:33 GMT] "GET / HTTP/1.1" 200 4129 "http://127.0.0.1:3000/reg" "Mozilla/5.0 (Windows NT 6.3; WOW64) AppleWebKit/537.36 (KHTML, like Gecko) Chrome/45.0.2454.99 Safari/537.36"
::ffff:127.0.0.1 - - [Tue, 29 Mar 2016 01:41:33 GMT] "GET /stylesheets/style.css HTTP/1.1" 304 - "http://127.0.0.1:3000/" "Mozilla/5.0 (Windows NT 6.3; WOW64) AppleWebKit/537.36 (KHTML, like Gecko) Chrome/45.0.2454.99 Safari/537.36"
::ffff:127.0.0.1 - - [Tue, 29 Mar 2016 01:41:33 GMT] "GET /favicon.ico HTTP/1.1" 304 - "http://127.0.0.1:3000/" "Mozilla/5.0 (Windows NT 6.3; WOW64) AppleWebKit/537.36 (KHTML, like Gecko) Chrome/45.0.2454.99 Safari/537.36"
::ffff:127.0.0.1 - - [Tue, 29 Mar 2016 01:42:01 GMT] "GET /reg HTTP/1.1" 200 1094 "http://127.0.0.1:3000/" "Mozilla/5.0 (Windows NT 6.3; WOW64) AppleWebKit/537.36 (KHTML, like Gecko) Chrome/45.0.2454.99 Safari/537.36"
::ffff:127.0.0.1 - - [Tue, 29 Mar 2016 01:42:01 GMT] "GET /stylesheets/style.css HTTP/1.1" 304 - "http://127.0.0.1:3000/reg" "Mozilla/5.0 (Windows NT 6.3; WOW64) AppleWebKit/537.36 (KHTML, like Gecko) Chrome/45.0.2454.99 Safari/537.36"
::ffff:127.0.0.1 - - [Tue, 29 Mar 2016 01:42:01 GMT] "GET /favicon.ico HTTP/1.1" 304 - "http://127.0.0.1:3000/reg" "Mozilla/5.0 (Windows NT 6.3; WOW64) AppleWebKit/537.36 (KHTML, like Gecko) Chrome/45.0.2454.99 Safari/537.36"
::ffff:127.0.0.1 - - [Tue, 29 Mar 2016 01:42:03 GMT] "POST /reg HTTP/1.1" 302 46 "http://127.0.0.1:3000/reg" "Mozilla/5.0 (Windows NT 6.3; WOW64) AppleWebKit/537.36 (KHTML, like Gecko) Chrome/45.0.2454.99 Safari/537.36"
::ffff:127.0.0.1 - - [Tue, 29 Mar 2016 01:42:03 GMT] "GET / HTTP/1.1" 304 - "http://127.0.0.1:3000/reg" "Mozilla/5.0 (Windows NT 6.3; WOW64) AppleWebKit/537.36 (KHTML, like Gecko) Chrome/45.0.2454.99 Safari/537.36"
::ffff:127.0.0.1 - - [Tue, 29 Mar 2016 01:42:03 GMT] "GET /stylesheets/style.css HTTP/1.1" 304 - "http://127.0.0.1:3000/" "Mozilla/5.0 (Windows NT 6.3; WOW64) AppleWebKit/537.36 (KHTML, like Gecko) Chrome/45.0.2454.99 Safari/537.36"
::ffff:127.0.0.1 - - [Tue, 29 Mar 2016 01:42:03 GMT] "GET /favicon.ico HTTP/1.1" 304 - "http://127.0.0.1:3000/" "Mozilla/5.0 (Windows NT 6.3; WOW64) AppleWebKit/537.36 (KHTML, like Gecko) Chrome/45.0.2454.99 Safari/537.36"
::ffff:127.0.0.1 - - [Tue, 29 Mar 2016 01:43:56 GMT] "GET /reg HTTP/1.1" 200 1094 "http://127.0.0.1:3000/" "Mozilla/5.0 (Windows NT 6.3; WOW64) AppleWebKit/537.36 (KHTML, like Gecko) Chrome/45.0.2454.99 Safari/537.36"
::ffff:127.0.0.1 - - [Tue, 29 Mar 2016 01:43:56 GMT] "GET /stylesheets/style.css HTTP/1.1" 304 - "http://127.0.0.1:3000/reg" "Mozilla/5.0 (Windows NT 6.3; WOW64) AppleWebKit/537.36 (KHTML, like Gecko) Chrome/45.0.2454.99 Safari/537.36"
::ffff:127.0.0.1 - - [Tue, 29 Mar 2016 01:43:56 GMT] "GET /favicon.ico HTTP/1.1" 304 - "http://127.0.0.1:3000/reg" "Mozilla/5.0 (Windows NT 6.3; WOW64) AppleWebKit/537.36 (KHTML, like Gecko) Chrome/45.0.2454.99 Safari/537.36"
::ffff:127.0.0.1 - - [Tue, 29 Mar 2016 01:43:59 GMT] "POST /reg HTTP/1.1" 302 52 "http://127.0.0.1:3000/reg" "Mozilla/5.0 (Windows NT 6.3; WOW64) AppleWebKit/537.36 (KHTML, like Gecko) Chrome/45.0.2454.99 Safari/537.36"
::ffff:127.0.0.1 - - [Tue, 29 Mar 2016 01:43:59 GMT] "GET /reg HTTP/1.1" 200 1150 "http://127.0.0.1:3000/reg" "Mozilla/5.0 (Windows NT 6.3; WOW64) AppleWebKit/537.36 (KHTML, like Gecko) Chrome/45.0.2454.99 Safari/537.36"
::ffff:127.0.0.1 - - [Tue, 29 Mar 2016 01:43:59 GMT] "GET /stylesheets/style.css HTTP/1.1" 304 - "http://127.0.0.1:3000/reg" "Mozilla/5.0 (Windows NT 6.3; WOW64) AppleWebKit/537.36 (KHTML, like Gecko) Chrome/45.0.2454.99 Safari/537.36"
::ffff:127.0.0.1 - - [Tue, 29 Mar 2016 01:43:59 GMT] "GET /favicon.ico HTTP/1.1" 304 - "http://127.0.0.1:3000/reg" "Mozilla/5.0 (Windows NT 6.3; WOW64) AppleWebKit/537.36 (KHTML, like Gecko) Chrome/45.0.2454.99 Safari/537.36"
::ffff:127.0.0.1 - - [Tue, 29 Mar 2016 07:07:31 GMT] "GET /reg HTTP/1.1" 200 1094 "http://127.0.0.1:3000/reg" "Mozilla/5.0 (Windows NT 6.3; WOW64) AppleWebKit/537.36 (KHTML, like Gecko) Chrome/45.0.2454.99 Safari/537.36"
::ffff:127.0.0.1 - - [Tue, 29 Mar 2016 07:07:31 GMT] "GET /stylesheets/style.css HTTP/1.1" 304 - "http://127.0.0.1:3000/reg" "Mozilla/5.0 (Windows NT 6.3; WOW64) AppleWebKit/537.36 (KHTML, like Gecko) Chrome/45.0.2454.99 Safari/537.36"
::ffff:127.0.0.1 - - [Tue, 29 Mar 2016 07:07:31 GMT] "GET /favicon.ico HTTP/1.1" 200 220 "http://127.0.0.1:3000/reg" "Mozilla/5.0 (Windows NT 6.3; WOW64) AppleWebKit/537.36 (KHTML, like Gecko) Chrome/45.0.2454.99 Safari/537.36"
::ffff:127.0.0.1 - - [Tue, 29 Mar 2016 07:07:34 GMT] "GET / HTTP/1.1" 200 4095 "-" "Mozilla/5.0 (Windows NT 6.3; WOW64) AppleWebKit/537.36 (KHTML, like Gecko) Chrome/45.0.2454.99 Safari/537.36"
::ffff:127.0.0.1 - - [Tue, 29 Mar 2016 07:07:34 GMT] "GET /stylesheets/style.css HTTP/1.1" 304 - "http://127.0.0.1:3000/" "Mozilla/5.0 (Windows NT 6.3; WOW64) AppleWebKit/537.36 (KHTML, like Gecko) Chrome/45.0.2454.99 Safari/537.36"
::ffff:127.0.0.1 - - [Tue, 29 Mar 2016 07:07:34 GMT] "GET /favicon.ico HTTP/1.1" 304 - "http://127.0.0.1:3000/" "Mozilla/5.0 (Windows NT 6.3; WOW64) AppleWebKit/537.36 (KHTML, like Gecko) Chrome/45.0.2454.99 Safari/537.36"
::ffff:127.0.0.1 - - [Tue, 29 Mar 2016 07:07:53 GMT] "GET /login HTTP/1.1" 200 1009 "http://127.0.0.1:3000/" "Mozilla/5.0 (Windows NT 6.3; WOW64) AppleWebKit/537.36 (KHTML, like Gecko) Chrome/45.0.2454.99 Safari/537.36"
::ffff:127.0.0.1 - - [Tue, 29 Mar 2016 07:07:53 GMT] "GET /stylesheets/style.css HTTP/1.1" 304 - "http://127.0.0.1:3000/login" "Mozilla/5.0 (Windows NT 6.3; WOW64) AppleWebKit/537.36 (KHTML, like Gecko) Chrome/45.0.2454.99 Safari/537.36"
::ffff:127.0.0.1 - - [Tue, 29 Mar 2016 07:07:53 GMT] "GET /favicon.ico HTTP/1.1" 304 - "http://127.0.0.1:3000/login" "Mozilla/5.0 (Windows NT 6.3; WOW64) AppleWebKit/537.36 (KHTML, like Gecko) Chrome/45.0.2454.99 Safari/537.36"
::ffff:127.0.0.1 - - [Tue, 29 Mar 2016 07:07:54 GMT] "GET /login/github HTTP/1.1" 302 0 "http://127.0.0.1:3000/login" "Mozilla/5.0 (Windows NT 6.3; WOW64) AppleWebKit/537.36 (KHTML, like Gecko) Chrome/45.0.2454.99 Safari/537.36"
::1 - - [Tue, 29 Mar 2016 07:08:25 GMT] "GET /login/github/callback?code=8455a72a1c70971f8cef HTTP/1.1" 302 46 "https://github.com/" "Mozilla/5.0 (Windows NT 6.3; WOW64) AppleWebKit/537.36 (KHTML, like Gecko) Chrome/45.0.2454.99 Safari/537.36"
::1 - - [Tue, 29 Mar 2016 07:08:25 GMT] "GET / HTTP/1.1" 200 4221 "https://github.com/" "Mozilla/5.0 (Windows NT 6.3; WOW64) AppleWebKit/537.36 (KHTML, like Gecko) Chrome/45.0.2454.99 Safari/537.36"
::1 - - [Tue, 29 Mar 2016 07:08:26 GMT] "GET /stylesheets/style.css HTTP/1.1" 304 - "http://localhost:3000/" "Mozilla/5.0 (Windows NT 6.3; WOW64) AppleWebKit/537.36 (KHTML, like Gecko) Chrome/45.0.2454.99 Safari/537.36"
::1 - - [Tue, 29 Mar 2016 07:08:26 GMT] "GET /favicon.ico HTTP/1.1" 304 - "http://localhost:3000/" "Mozilla/5.0 (Windows NT 6.3; WOW64) AppleWebKit/537.36 (KHTML, like Gecko) Chrome/45.0.2454.99 Safari/537.36"
::1 - - [Tue, 29 Mar 2016 07:09:42 GMT] "GET /logout HTTP/1.1" 302 46 "http://localhost:3000/" "Mozilla/5.0 (Windows NT 6.3; WOW64) AppleWebKit/537.36 (KHTML, like Gecko) Chrome/45.0.2454.99 Safari/537.36"
::1 - - [Tue, 29 Mar 2016 07:09:42 GMT] "GET / HTTP/1.1" 200 4129 "http://localhost:3000/" "Mozilla/5.0 (Windows NT 6.3; WOW64) AppleWebKit/537.36 (KHTML, like Gecko) Chrome/45.0.2454.99 Safari/537.36"
::1 - - [Tue, 29 Mar 2016 07:09:42 GMT] "GET /stylesheets/style.css HTTP/1.1" 304 - "http://localhost:3000/" "Mozilla/5.0 (Windows NT 6.3; WOW64) AppleWebKit/537.36 (KHTML, like Gecko) Chrome/45.0.2454.99 Safari/537.36"
::1 - - [Tue, 29 Mar 2016 07:09:43 GMT] "GET /favicon.ico HTTP/1.1" 304 - "http://localhost:3000/" "Mozilla/5.0 (Windows NT 6.3; WOW64) AppleWebKit/537.36 (KHTML, like Gecko) Chrome/45.0.2454.99 Safari/537.36"
::1 - - [Tue, 29 Mar 2016 07:09:45 GMT] "GET /login HTTP/1.1" 200 1009 "http://localhost:3000/" "Mozilla/5.0 (Windows NT 6.3; WOW64) AppleWebKit/537.36 (KHTML, like Gecko) Chrome/45.0.2454.99 Safari/537.36"
::1 - - [Tue, 29 Mar 2016 07:09:45 GMT] "GET /stylesheets/style.css HTTP/1.1" 304 - "http://localhost:3000/login" "Mozilla/5.0 (Windows NT 6.3; WOW64) AppleWebKit/537.36 (KHTML, like Gecko) Chrome/45.0.2454.99 Safari/537.36"
::1 - - [Tue, 29 Mar 2016 07:09:46 GMT] "GET /favicon.ico HTTP/1.1" 304 - "http://localhost:3000/login" "Mozilla/5.0 (Windows NT 6.3; WOW64) AppleWebKit/537.36 (KHTML, like Gecko) Chrome/45.0.2454.99 Safari/537.36"
::1 - - [Tue, 29 Mar 2016 07:09:50 GMT] "POST /login HTTP/1.1" 302 46 "http://localhost:3000/login" "Mozilla/5.0 (Windows NT 6.3; WOW64) AppleWebKit/537.36 (KHTML, like Gecko) Chrome/45.0.2454.99 Safari/537.36"
::1 - - [Tue, 29 Mar 2016 07:09:50 GMT] "GET / HTTP/1.1" 200 4212 "http://localhost:3000/login" "Mozilla/5.0 (Windows NT 6.3; WOW64) AppleWebKit/537.36 (KHTML, like Gecko) Chrome/45.0.2454.99 Safari/537.36"
::1 - - [Tue, 29 Mar 2016 07:09:50 GMT] "GET /stylesheets/style.css HTTP/1.1" 304 - "http://localhost:3000/" "Mozilla/5.0 (Windows NT 6.3; WOW64) AppleWebKit/537.36 (KHTML, like Gecko) Chrome/45.0.2454.99 Safari/537.36"
::1 - - [Tue, 29 Mar 2016 07:09:50 GMT] "GET /favicon.ico HTTP/1.1" 304 - "http://localhost:3000/" "Mozilla/5.0 (Windows NT 6.3; WOW64) AppleWebKit/537.36 (KHTML, like Gecko) Chrome/45.0.2454.99 Safari/537.36"
::1 - - [Tue, 29 Mar 2016 07:10:03 GMT] "GET /u/zhan HTTP/1.1" 200 1356 "http://localhost:3000/" "Mozilla/5.0 (Windows NT 6.3; WOW64) AppleWebKit/537.36 (KHTML, like Gecko) Chrome/45.0.2454.99 Safari/537.36"
::1 - - [Tue, 29 Mar 2016 07:10:03 GMT] "GET /stylesheets/style.css HTTP/1.1" 304 - "http://localhost:3000/u/zhan" "Mozilla/5.0 (Windows NT 6.3; WOW64) AppleWebKit/537.36 (KHTML, like Gecko) Chrome/45.0.2454.99 Safari/537.36"
::1 - - [Tue, 29 Mar 2016 07:10:03 GMT] "GET /favicon.ico HTTP/1.1" 304 - "http://localhost:3000/u/zhan" "Mozilla/5.0 (Windows NT 6.3; WOW64) AppleWebKit/537.36 (KHTML, like Gecko) Chrome/45.0.2454.99 Safari/537.36"
::1 - - [Tue, 29 Mar 2016 07:11:08 GMT] "GET /logout HTTP/1.1" 302 46 "http://localhost:3000/u/zhan" "Mozilla/5.0 (Windows NT 6.3; WOW64) AppleWebKit/537.36 (KHTML, like Gecko) Chrome/45.0.2454.99 Safari/537.36"
::1 - - [Tue, 29 Mar 2016 07:11:08 GMT] "GET / HTTP/1.1" 200 4129 "http://localhost:3000/u/zhan" "Mozilla/5.0 (Windows NT 6.3; WOW64) AppleWebKit/537.36 (KHTML, like Gecko) Chrome/45.0.2454.99 Safari/537.36"
::1 - - [Tue, 29 Mar 2016 07:11:08 GMT] "GET /stylesheets/style.css HTTP/1.1" 304 - "http://localhost:3000/" "Mozilla/5.0 (Windows NT 6.3; WOW64) AppleWebKit/537.36 (KHTML, like Gecko) Chrome/45.0.2454.99 Safari/537.36"
::1 - - [Tue, 29 Mar 2016 07:11:09 GMT] "GET /favicon.ico HTTP/1.1" 304 - "http://localhost:3000/" "Mozilla/5.0 (Windows NT 6.3; WOW64) AppleWebKit/537.36 (KHTML, like Gecko) Chrome/45.0.2454.99 Safari/537.36"
::1 - - [Tue, 29 Mar 2016 07:11:14 GMT] "GET /login HTTP/1.1" 200 1009 "http://localhost:3000/" "Mozilla/5.0 (Windows NT 6.3; WOW64) AppleWebKit/537.36 (KHTML, like Gecko) Chrome/45.0.2454.99 Safari/537.36"
::1 - - [Tue, 29 Mar 2016 07:11:15 GMT] "GET /stylesheets/style.css HTTP/1.1" 304 - "http://localhost:3000/login" "Mozilla/5.0 (Windows NT 6.3; WOW64) AppleWebKit/537.36 (KHTML, like Gecko) Chrome/45.0.2454.99 Safari/537.36"
::1 - - [Tue, 29 Mar 2016 07:11:15 GMT] "GET /favicon.ico HTTP/1.1" 304 - "http://localhost:3000/login" "Mozilla/5.0 (Windows NT 6.3; WOW64) AppleWebKit/537.36 (KHTML, like Gecko) Chrome/45.0.2454.99 Safari/537.36"
::1 - - [Tue, 29 Mar 2016 07:11:16 GMT] "GET /login/github HTTP/1.1" 302 0 "http://localhost:3000/login" "Mozilla/5.0 (Windows NT 6.3; WOW64) AppleWebKit/537.36 (KHTML, like Gecko) Chrome/45.0.2454.99 Safari/537.36"
::1 - - [Tue, 29 Mar 2016 07:11:22 GMT] "GET /login/github/callback?code=888c19f72fe536a4d06a HTTP/1.1" 302 46 "http://localhost:3000/login" "Mozilla/5.0 (Windows NT 6.3; WOW64) AppleWebKit/537.36 (KHTML, like Gecko) Chrome/45.0.2454.99 Safari/537.36"
::1 - - [Tue, 29 Mar 2016 07:11:22 GMT] "GET / HTTP/1.1" 200 4221 "http://localhost:3000/login" "Mozilla/5.0 (Windows NT 6.3; WOW64) AppleWebKit/537.36 (KHTML, like Gecko) Chrome/45.0.2454.99 Safari/537.36"
::1 - - [Tue, 29 Mar 2016 07:11:23 GMT] "GET /stylesheets/style.css HTTP/1.1" 304 - "http://localhost:3000/" "Mozilla/5.0 (Windows NT 6.3; WOW64) AppleWebKit/537.36 (KHTML, like Gecko) Chrome/45.0.2454.99 Safari/537.36"
::1 - - [Tue, 29 Mar 2016 07:11:23 GMT] "GET /favicon.ico HTTP/1.1" 304 - "http://localhost:3000/" "Mozilla/5.0 (Windows NT 6.3; WOW64) AppleWebKit/537.36 (KHTML, like Gecko) Chrome/45.0.2454.99 Safari/537.36"
::1 - - [Tue, 29 Mar 2016 07:11:26 GMT] "GET /u/zhan HTTP/1.1" 200 1363 "http://localhost:3000/" "Mozilla/5.0 (Windows NT 6.3; WOW64) AppleWebKit/537.36 (KHTML, like Gecko) Chrome/45.0.2454.99 Safari/537.36"
::1 - - [Tue, 29 Mar 2016 07:11:26 GMT] "GET /stylesheets/style.css HTTP/1.1" 304 - "http://localhost:3000/u/zhan" "Mozilla/5.0 (Windows NT 6.3; WOW64) AppleWebKit/537.36 (KHTML, like Gecko) Chrome/45.0.2454.99 Safari/537.36"
::1 - - [Tue, 29 Mar 2016 07:11:26 GMT] "GET /favicon.ico HTTP/1.1" 304 - "http://localhost:3000/u/zhan" "Mozilla/5.0 (Windows NT 6.3; WOW64) AppleWebKit/537.36 (KHTML, like Gecko) Chrome/45.0.2454.99 Safari/537.36"
::1 - - [Tue, 29 Mar 2016 07:11:41 GMT] "GET / HTTP/1.1" 200 4185 "http://localhost:3000/u/zhan" "Mozilla/5.0 (Windows NT 6.3; WOW64) AppleWebKit/537.36 (KHTML, like Gecko) Chrome/45.0.2454.99 Safari/537.36"
::1 - - [Tue, 29 Mar 2016 07:11:41 GMT] "GET /stylesheets/style.css HTTP/1.1" 304 - "http://localhost:3000/" "Mozilla/5.0 (Windows NT 6.3; WOW64) AppleWebKit/537.36 (KHTML, like Gecko) Chrome/45.0.2454.99 Safari/537.36"
::1 - - [Tue, 29 Mar 2016 07:11:41 GMT] "GET /favicon.ico HTTP/1.1" 304 - "http://localhost:3000/" "Mozilla/5.0 (Windows NT 6.3; WOW64) AppleWebKit/537.36 (KHTML, like Gecko) Chrome/45.0.2454.99 Safari/537.36"
::1 - - [Tue, 29 Mar 2016 07:11:47 GMT] "GET /archive HTTP/1.1" 200 1632 "http://localhost:3000/" "Mozilla/5.0 (Windows NT 6.3; WOW64) AppleWebKit/537.36 (KHTML, like Gecko) Chrome/45.0.2454.99 Safari/537.36"
::1 - - [Tue, 29 Mar 2016 07:11:47 GMT] "GET /stylesheets/style.css HTTP/1.1" 304 - "http://localhost:3000/archive" "Mozilla/5.0 (Windows NT 6.3; WOW64) AppleWebKit/537.36 (KHTML, like Gecko) Chrome/45.0.2454.99 Safari/537.36"
::1 - - [Tue, 29 Mar 2016 07:11:48 GMT] "GET /favicon.ico HTTP/1.1" 304 - "http://localhost:3000/archive" "Mozilla/5.0 (Windows NT 6.3; WOW64) AppleWebKit/537.36 (KHTML, like Gecko) Chrome/45.0.2454.99 Safari/537.36"
::1 - - [Tue, 29 Mar 2016 07:12:37 GMT] "GET / HTTP/1.1" 304 - "http://localhost:3000/archive" "Mozilla/5.0 (Windows NT 6.3; WOW64) AppleWebKit/537.36 (KHTML, like Gecko) Chrome/45.0.2454.99 Safari/537.36"
::1 - - [Tue, 29 Mar 2016 07:12:37 GMT] "GET /stylesheets/style.css HTTP/1.1" 304 - "http://localhost:3000/" "Mozilla/5.0 (Windows NT 6.3; WOW64) AppleWebKit/537.36 (KHTML, like Gecko) Chrome/45.0.2454.99 Safari/537.36"
::1 - - [Tue, 29 Mar 2016 07:12:37 GMT] "GET /favicon.ico HTTP/1.1" 304 - "http://localhost:3000/" "Mozilla/5.0 (Windows NT 6.3; WOW64) AppleWebKit/537.36 (KHTML, like Gecko) Chrome/45.0.2454.99 Safari/537.36"
::1 - - [Tue, 29 Mar 2016 07:12:40 GMT] "GET /post HTTP/1.1" 200 1201 "http://localhost:3000/" "Mozilla/5.0 (Windows NT 6.3; WOW64) AppleWebKit/537.36 (KHTML, like Gecko) Chrome/45.0.2454.99 Safari/537.36"
::1 - - [Tue, 29 Mar 2016 07:12:40 GMT] "GET /stylesheets/style.css HTTP/1.1" 304 - "http://localhost:3000/post" "Mozilla/5.0 (Windows NT 6.3; WOW64) AppleWebKit/537.36 (KHTML, like Gecko) Chrome/45.0.2454.99 Safari/537.36"
::1 - - [Tue, 29 Mar 2016 07:12:41 GMT] "GET /favicon.ico HTTP/1.1" 304 - "http://localhost:3000/post" "Mozilla/5.0 (Windows NT 6.3; WOW64) AppleWebKit/537.36 (KHTML, like Gecko) Chrome/45.0.2454.99 Safari/537.36"
::1 - - [Tue, 29 Mar 2016 07:12:50 GMT] "POST /post HTTP/1.1" 302 46 "http://localhost:3000/post" "Mozilla/5.0 (Windows NT 6.3; WOW64) AppleWebKit/537.36 (KHTML, like Gecko) Chrome/45.0.2454.99 Safari/537.36"
::1 - - [Tue, 29 Mar 2016 07:12:50 GMT] "GET / HTTP/1.1" 200 4692 "http://localhost:3000/post" "Mozilla/5.0 (Windows NT 6.3; WOW64) AppleWebKit/537.36 (KHTML, like Gecko) Chrome/45.0.2454.99 Safari/537.36"
::1 - - [Tue, 29 Mar 2016 07:12:50 GMT] "GET /stylesheets/style.css HTTP/1.1" 304 - "http://localhost:3000/" "Mozilla/5.0 (Windows NT 6.3; WOW64) AppleWebKit/537.36 (KHTML, like Gecko) Chrome/45.0.2454.99 Safari/537.36"
::1 - - [Tue, 29 Mar 2016 07:12:51 GMT] "GET /favicon.ico HTTP/1.1" 304 - "http://localhost:3000/" "Mozilla/5.0 (Windows NT 6.3; WOW64) AppleWebKit/537.36 (KHTML, like Gecko) Chrome/45.0.2454.99 Safari/537.36"
::1 - - [Tue, 29 Mar 2016 07:12:52 GMT] "GET /u/zhanfenghai HTTP/1.1" 302 46 "http://localhost:3000/" "Mozilla/5.0 (Windows NT 6.3; WOW64) AppleWebKit/537.36 (KHTML, like Gecko) Chrome/45.0.2454.99 Safari/537.36"
::1 - - [Tue, 29 Mar 2016 07:12:52 GMT] "GET / HTTP/1.1" 200 4696 "http://localhost:3000/" "Mozilla/5.0 (Windows NT 6.3; WOW64) AppleWebKit/537.36 (KHTML, like Gecko) Chrome/45.0.2454.99 Safari/537.36"
::1 - - [Tue, 29 Mar 2016 07:12:52 GMT] "GET /stylesheets/style.css HTTP/1.1" 304 - "http://localhost:3000/" "Mozilla/5.0 (Windows NT 6.3; WOW64) AppleWebKit/537.36 (KHTML, like Gecko) Chrome/45.0.2454.99 Safari/537.36"
::1 - - [Tue, 29 Mar 2016 07:12:52 GMT] "GET /favicon.ico HTTP/1.1" 304 - "http://localhost:3000/" "Mozilla/5.0 (Windows NT 6.3; WOW64) AppleWebKit/537.36 (KHTML, like Gecko) Chrome/45.0.2454.99 Safari/537.36"
::1 - - [Tue, 29 Mar 2016 07:13:02 GMT] "GET /u/zhanfenghai HTTP/1.1" 302 46 "http://localhost:3000/" "Mozilla/5.0 (Windows NT 6.3; WOW64) AppleWebKit/537.36 (KHTML, like Gecko) Chrome/45.0.2454.99 Safari/537.36"
::1 - - [Tue, 29 Mar 2016 07:13:02 GMT] "GET / HTTP/1.1" 304 - "http://localhost:3000/" "Mozilla/5.0 (Windows NT 6.3; WOW64) AppleWebKit/537.36 (KHTML, like Gecko) Chrome/45.0.2454.99 Safari/537.36"
::1 - - [Tue, 29 Mar 2016 07:13:02 GMT] "GET /stylesheets/style.css HTTP/1.1" 304 - "http://localhost:3000/" "Mozilla/5.0 (Windows NT 6.3; WOW64) AppleWebKit/537.36 (KHTML, like Gecko) Chrome/45.0.2454.99 Safari/537.36"
::1 - - [Tue, 29 Mar 2016 07:13:03 GMT] "GET /favicon.ico HTTP/1.1" 304 - "http://localhost:3000/" "Mozilla/5.0 (Windows NT 6.3; WOW64) AppleWebKit/537.36 (KHTML, like Gecko) Chrome/45.0.2454.99 Safari/537.36"
::1 - - [Tue, 29 Mar 2016 07:13:03 GMT] "GET /u/zhanfenghai HTTP/1.1" 302 46 "http://localhost:3000/" "Mozilla/5.0 (Windows NT 6.3; WOW64) AppleWebKit/537.36 (KHTML, like Gecko) Chrome/45.0.2454.99 Safari/537.36"
::1 - - [Tue, 29 Mar 2016 07:13:03 GMT] "GET / HTTP/1.1" 304 - "http://localhost:3000/" "Mozilla/5.0 (Windows NT 6.3; WOW64) AppleWebKit/537.36 (KHTML, like Gecko) Chrome/45.0.2454.99 Safari/537.36"
::1 - - [Tue, 29 Mar 2016 07:13:04 GMT] "GET /stylesheets/style.css HTTP/1.1" 304 - "http://localhost:3000/" "Mozilla/5.0 (Windows NT 6.3; WOW64) AppleWebKit/537.36 (KHTML, like Gecko) Chrome/45.0.2454.99 Safari/537.36"
::1 - - [Tue, 29 Mar 2016 07:13:04 GMT] "GET /favicon.ico HTTP/1.1" 304 - "http://localhost:3000/" "Mozilla/5.0 (Windows NT 6.3; WOW64) AppleWebKit/537.36 (KHTML, like Gecko) Chrome/45.0.2454.99 Safari/537.36"
::1 - - [Tue, 29 Mar 2016 07:13:04 GMT] "GET /u/zhanfenghai HTTP/1.1" 302 46 "http://localhost:3000/" "Mozilla/5.0 (Windows NT 6.3; WOW64) AppleWebKit/537.36 (KHTML, like Gecko) Chrome/45.0.2454.99 Safari/537.36"
::1 - - [Tue, 29 Mar 2016 07:13:04 GMT] "GET / HTTP/1.1" 304 - "http://localhost:3000/" "Mozilla/5.0 (Windows NT 6.3; WOW64) AppleWebKit/537.36 (KHTML, like Gecko) Chrome/45.0.2454.99 Safari/537.36"
::1 - - [Tue, 29 Mar 2016 07:13:04 GMT] "GET /stylesheets/style.css HTTP/1.1" 304 - "http://localhost:3000/" "Mozilla/5.0 (Windows NT 6.3; WOW64) AppleWebKit/537.36 (KHTML, like Gecko) Chrome/45.0.2454.99 Safari/537.36"
::1 - - [Tue, 29 Mar 2016 07:13:05 GMT] "GET /favicon.ico HTTP/1.1" 304 - "http://localhost:3000/" "Mozilla/5.0 (Windows NT 6.3; WOW64) AppleWebKit/537.36 (KHTML, like Gecko) Chrome/45.0.2454.99 Safari/537.36"
::1 - - [Tue, 29 Mar 2016 08:50:12 GMT] "GET / HTTP/1.1" 200 4658 "http://localhost:3000/" "Mozilla/5.0 (Windows NT 6.3; WOW64) AppleWebKit/537.36 (KHTML, like Gecko) Chrome/45.0.2454.99 Safari/537.36"
::1 - - [Tue, 29 Mar 2016 08:50:12 GMT] "GET /stylesheets/style.css HTTP/1.1" 304 - "http://localhost:3000/" "Mozilla/5.0 (Windows NT 6.3; WOW64) AppleWebKit/537.36 (KHTML, like Gecko) Chrome/45.0.2454.99 Safari/537.36"
::1 - - [Tue, 29 Mar 2016 08:50:13 GMT] "GET /favicon.ico HTTP/1.1" 200 220 "http://localhost:3000/" "Mozilla/5.0 (Windows NT 6.3; WOW64) AppleWebKit/537.36 (KHTML, like Gecko) Chrome/45.0.2454.99 Safari/537.36"
::1 - - [Tue, 29 Mar 2016 08:50:14 GMT] "GET /logout HTTP/1.1" 302 46 "http://localhost:3000/" "Mozilla/5.0 (Windows NT 6.3; WOW64) AppleWebKit/537.36 (KHTML, like Gecko) Chrome/45.0.2454.99 Safari/537.36"
::1 - - [Tue, 29 Mar 2016 08:50:14 GMT] "GET / HTTP/1.1" 200 4602 "http://localhost:3000/" "Mozilla/5.0 (Windows NT 6.3; WOW64) AppleWebKit/537.36 (KHTML, like Gecko) Chrome/45.0.2454.99 Safari/537.36"
::1 - - [Tue, 29 Mar 2016 08:50:15 GMT] "GET /stylesheets/style.css HTTP/1.1" 304 - "http://localhost:3000/" "Mozilla/5.0 (Windows NT 6.3; WOW64) AppleWebKit/537.36 (KHTML, like Gecko) Chrome/45.0.2454.99 Safari/537.36"
::1 - - [Tue, 29 Mar 2016 08:50:15 GMT] "GET /favicon.ico HTTP/1.1" 304 - "http://localhost:3000/" "Mozilla/5.0 (Windows NT 6.3; WOW64) AppleWebKit/537.36 (KHTML, like Gecko) Chrome/45.0.2454.99 Safari/537.36"
::1 - - [Tue, 29 Mar 2016 08:50:17 GMT] "GET /reg HTTP/1.1" 200 1094 "http://localhost:3000/" "Mozilla/5.0 (Windows NT 6.3; WOW64) AppleWebKit/537.36 (KHTML, like Gecko) Chrome/45.0.2454.99 Safari/537.36"
::1 - - [Tue, 29 Mar 2016 08:50:17 GMT] "GET /stylesheets/style.css HTTP/1.1" 304 - "http://localhost:3000/reg" "Mozilla/5.0 (Windows NT 6.3; WOW64) AppleWebKit/537.36 (KHTML, like Gecko) Chrome/45.0.2454.99 Safari/537.36"
::1 - - [Tue, 29 Mar 2016 08:50:17 GMT] "GET /favicon.ico HTTP/1.1" 304 - "http://localhost:3000/reg" "Mozilla/5.0 (Windows NT 6.3; WOW64) AppleWebKit/537.36 (KHTML, like Gecko) Chrome/45.0.2454.99 Safari/537.36"
::1 - - [Tue, 29 Mar 2016 08:50:27 GMT] "POST /reg HTTP/1.1" 302 46 "http://localhost:3000/reg" "Mozilla/5.0 (Windows NT 6.3; WOW64) AppleWebKit/537.36 (KHTML, like Gecko) Chrome/45.0.2454.99 Safari/537.36"
::1 - - [Tue, 29 Mar 2016 08:50:27 GMT] "GET / HTTP/1.1" 200 4684 "http://localhost:3000/reg" "Mozilla/5.0 (Windows NT 6.3; WOW64) AppleWebKit/537.36 (KHTML, like Gecko) Chrome/45.0.2454.99 Safari/537.36"
::1 - - [Tue, 29 Mar 2016 08:50:27 GMT] "GET /stylesheets/style.css HTTP/1.1" 304 - "http://localhost:3000/" "Mozilla/5.0 (Windows NT 6.3; WOW64) AppleWebKit/537.36 (KHTML, like Gecko) Chrome/45.0.2454.99 Safari/537.36"
::1 - - [Tue, 29 Mar 2016 08:50:27 GMT] "GET /favicon.ico HTTP/1.1" 304 - "http://localhost:3000/" "Mozilla/5.0 (Windows NT 6.3; WOW64) AppleWebKit/537.36 (KHTML, like Gecko) Chrome/45.0.2454.99 Safari/537.36"
::ffff:127.0.0.1 - - [Thu, 31 Mar 2016 02:24:15 GMT] "GET /stylesheets/style.css HTTP/1.1" 304 - "http://127.0.0.1:3000/" "Mozilla/5.0 (Windows NT 6.3; WOW64) AppleWebKit/537.36 (KHTML, like Gecko) Chrome/45.0.2454.99 Safari/537.36"
::ffff:127.0.0.1 - - [Thu, 31 Mar 2016 02:24:15 GMT] "GET / HTTP/1.1" 200 4568 "-" "Mozilla/5.0 (Windows NT 6.3; WOW64) AppleWebKit/537.36 (KHTML, like Gecko) Chrome/45.0.2454.99 Safari/537.36"
::ffff:127.0.0.1 - - [Thu, 31 Mar 2016 02:24:15 GMT] "GET /favicon.ico HTTP/1.1" 304 - "http://127.0.0.1:3000/" "Mozilla/5.0 (Windows NT 6.3; WOW64) AppleWebKit/537.36 (KHTML, like Gecko) Chrome/45.0.2454.99 Safari/537.36"
::ffff:127.0.0.1 - - [Thu, 31 Mar 2016 02:24:19 GMT] "GET /login HTTP/1.1" 200 1009 "http://127.0.0.1:3000/" "Mozilla/5.0 (Windows NT 6.3; WOW64) AppleWebKit/537.36 (KHTML, like Gecko) Chrome/45.0.2454.99 Safari/537.36"
::ffff:127.0.0.1 - - [Thu, 31 Mar 2016 02:24:19 GMT] "GET /stylesheets/style.css HTTP/1.1" 304 - "http://127.0.0.1:3000/login" "Mozilla/5.0 (Windows NT 6.3; WOW64) AppleWebKit/537.36 (KHTML, like Gecko) Chrome/45.0.2454.99 Safari/537.36"
::ffff:127.0.0.1 - - [Thu, 31 Mar 2016 02:24:20 GMT] "GET /favicon.ico HTTP/1.1" 304 - "http://127.0.0.1:3000/login" "Mozilla/5.0 (Windows NT 6.3; WOW64) AppleWebKit/537.36 (KHTML, like Gecko) Chrome/45.0.2454.99 Safari/537.36"
::ffff:127.0.0.1 - - [Thu, 31 Mar 2016 02:24:23 GMT] "POST /login HTTP/1.1" 302 46 "http://127.0.0.1:3000/login" "Mozilla/5.0 (Windows NT 6.3; WOW64) AppleWebKit/537.36 (KHTML, like Gecko) Chrome/45.0.2454.99 Safari/537.36"
::ffff:127.0.0.1 - - [Thu, 31 Mar 2016 02:24:23 GMT] "GET / HTTP/1.1" 200 4685 "http://127.0.0.1:3000/login" "Mozilla/5.0 (Windows NT 6.3; WOW64) AppleWebKit/537.36 (KHTML, like Gecko) Chrome/45.0.2454.99 Safari/537.36"
::ffff:127.0.0.1 - - [Thu, 31 Mar 2016 02:24:23 GMT] "GET /stylesheets/style.css HTTP/1.1" 304 - "http://127.0.0.1:3000/" "Mozilla/5.0 (Windows NT 6.3; WOW64) AppleWebKit/537.36 (KHTML, like Gecko) Chrome/45.0.2454.99 Safari/537.36"
::ffff:127.0.0.1 - - [Thu, 31 Mar 2016 02:24:24 GMT] "GET /favicon.ico HTTP/1.1" 304 - "http://127.0.0.1:3000/" "Mozilla/5.0 (Windows NT 6.3; WOW64) AppleWebKit/537.36 (KHTML, like Gecko) Chrome/45.0.2454.99 Safari/537.36"
::ffff:127.0.0.1 - - [Thu, 31 Mar 2016 02:24:27 GMT] "GET /upload HTTP/1.1" 200 1165 "http://127.0.0.1:3000/" "Mozilla/5.0 (Windows NT 6.3; WOW64) AppleWebKit/537.36 (KHTML, like Gecko) Chrome/45.0.2454.99 Safari/537.36"
::ffff:127.0.0.1 - - [Thu, 31 Mar 2016 02:24:27 GMT] "GET /stylesheets/style.css HTTP/1.1" 304 - "http://127.0.0.1:3000/upload" "Mozilla/5.0 (Windows NT 6.3; WOW64) AppleWebKit/537.36 (KHTML, like Gecko) Chrome/45.0.2454.99 Safari/537.36"
::ffff:127.0.0.1 - - [Thu, 31 Mar 2016 02:24:28 GMT] "GET /favicon.ico HTTP/1.1" 304 - "http://127.0.0.1:3000/upload" "Mozilla/5.0 (Windows NT 6.3; WOW64) AppleWebKit/537.36 (KHTML, like Gecko) Chrome/45.0.2454.99 Safari/537.36"
::ffff:127.0.0.1 - - [Thu, 31 Mar 2016 02:24:39 GMT] "POST /upload HTTP/1.1" 302 58 "http://127.0.0.1:3000/upload" "Mozilla/5.0 (Windows NT 6.3; WOW64) AppleWebKit/537.36 (KHTML, like Gecko) Chrome/45.0.2454.99 Safari/537.36"
::ffff:127.0.0.1 - - [Thu, 31 Mar 2016 02:25:07 GMT] "GET /upload HTTP/1.1" 200 1165 "http://127.0.0.1:3000/upload" "Mozilla/5.0 (Windows NT 6.3; WOW64) AppleWebKit/537.36 (KHTML, like Gecko) Chrome/45.0.2454.99 Safari/537.36"
::ffff:127.0.0.1 - - [Thu, 31 Mar 2016 02:25:08 GMT] "GET /stylesheets/style.css HTTP/1.1" 304 - "http://127.0.0.1:3000/upload" "Mozilla/5.0 (Windows NT 6.3; WOW64) AppleWebKit/537.36 (KHTML, like Gecko) Chrome/45.0.2454.99 Safari/537.36"
::ffff:127.0.0.1 - - [Thu, 31 Mar 2016 02:25:08 GMT] "GET /favicon.ico HTTP/1.1" 200 220 "http://127.0.0.1:3000/upload" "Mozilla/5.0 (Windows NT 6.3; WOW64) AppleWebKit/537.36 (KHTML, like Gecko) Chrome/45.0.2454.99 Safari/537.36"
::ffff:127.0.0.1 - - [Thu, 31 Mar 2016 02:25:21 GMT] "POST /upload HTTP/1.1" 302 58 "http://127.0.0.1:3000/upload" "Mozilla/5.0 (Windows NT 6.3; WOW64) AppleWebKit/537.36 (KHTML, like Gecko) Chrome/45.0.2454.99 Safari/537.36"
::ffff:127.0.0.1 - - [Thu, 31 Mar 2016 02:25:21 GMT] "GET /upload HTTP/1.1" 200 1205 "http://127.0.0.1:3000/upload" "Mozilla/5.0 (Windows NT 6.3; WOW64) AppleWebKit/537.36 (KHTML, like Gecko) Chrome/45.0.2454.99 Safari/537.36"
::ffff:127.0.0.1 - - [Thu, 31 Mar 2016 02:25:29 GMT] "GET /upload HTTP/1.1" 200 1165 "http://127.0.0.1:3000/upload" "Mozilla/5.0 (Windows NT 6.3; WOW64) AppleWebKit/537.36 (KHTML, like Gecko) Chrome/45.0.2454.99 Safari/537.36"
::ffff:127.0.0.1 - - [Thu, 31 Mar 2016 02:25:29 GMT] "GET /stylesheets/style.css HTTP/1.1" 304 - "http://127.0.0.1:3000/upload" "Mozilla/5.0 (Windows NT 6.3; WOW64) AppleWebKit/537.36 (KHTML, like Gecko) Chrome/45.0.2454.99 Safari/537.36"
::ffff:127.0.0.1 - - [Thu, 31 Mar 2016 02:25:29 GMT] "GET /favicon.ico HTTP/1.1" 200 220 "http://127.0.0.1:3000/upload" "Mozilla/5.0 (Windows NT 6.3; WOW64) AppleWebKit/537.36 (KHTML, like Gecko) Chrome/45.0.2454.99 Safari/537.36"
